=== Language Detection Comparison Report ===

Test sentences:   203,381
CharSoup ∩ OpenNLP:   105 languages, 104,684 sentences
CharSoup ∩ Lingua:    71 languages, 70,784 sentences
CharSoup ∩ Optimaize: 63 languages, 61,811 sentences

Model heap (approx):
  CharSoup:  ~0.0 MB
  OpenNLP:   ~75.3 MB
  Lingua:    ~0.1 MB  (low accuracy mode)
  Optimaize: ~94.6 MB

Coverage-adjusted accuracy — each detector scored on its own supported languages only
  (test sentences whose true language is not in a detector's covered set are skipped)
        ─ CharSoup ─    ─ OpenNLP ─     ── Lingua ──    ─ Optimaize ─     CS(ms)    ON(ms)    Li(ms)   Opt(ms)   CS sent/s
Length     mF1    acc     mF1    acc     mF1    acc     mF1    acc                                                    
----------------------------------------------------------------------------------------------------------------------
@20      65.04%  68.68%   74.87%  72.85%   76.35%  75.88%   84.87%  84.38%     1,869     1,330    19,333       558      68,811
@50      73.72%  79.14%   86.09%  85.43%   90.99%  90.63%   94.44%  94.29%     2,300     1,671    25,074     3,125      55,917
@100     75.32%  80.77%   90.25%  90.12%   95.43%  95.33%   96.51%  96.50%     2,208     2,247    40,560     3,194      58,246
@150     75.53%  80.93%   90.98%  90.97%   96.15%  96.11%   96.72%  96.76%     2,292     3,649    61,505     3,665      56,112
@200     79.21%  82.78%   91.11%  91.11%   96.23%  96.20%   96.75%  96.79%     3,166     4,531    58,536     4,726      40,622
@500     79.22%  82.78%   91.12%  91.12%   96.25%  96.22%   96.76%  96.81%     4,271     6,729    65,820     4,381      30,112
full     79.22%  82.78%   91.12%  91.12%   96.25%  96.22%   96.76%  96.81%     2,446     3,429    52,124     3,431      52,579

Breadth-weighted accuracy — all 203 FLORES languages, unsupported languages score 0
  (penalises limited coverage; use this to compare total useful output across all inputs)
        ─ CharSoup ─    ─ OpenNLP ─     ── Lingua ──    ─ Optimaize ─ 
Length     mF1    acc     mF1    acc     mF1    acc     mF1    acc
----------------------------------------------------------------------
@20      41.01%  43.43%   42.05%  40.71%   27.46%  27.53%   26.76%  26.89%
@50      46.49%  50.04%   48.35%  47.74%   32.72%  32.88%   29.77%  30.04%
@100     47.49%  51.07%   50.68%  50.36%   34.32%  34.58%   30.43%  30.75%
@150     47.63%  51.18%   51.09%  50.84%   34.58%  34.86%   30.49%  30.83%
@200     49.95%  52.35%   51.16%  50.91%   34.61%  34.90%   30.50%  30.84%
@500     49.95%  52.35%   51.17%  50.92%   34.61%  34.90%   30.51%  30.84%
full     49.95%  52.35%   51.17%  50.92%   34.61%  34.90%   30.51%  30.84%

Strict accuracy — CharSoup ∩ OpenNLP (105 languages, 104,684 sentences)
        ── CharSoup ──  ── OpenNLP ──     CS(ms)  OpenNLP(ms)   CS sent/s
Length     mF1    acc     mF1    acc                                
------------------------------------------------------------------------
@20      70.63%  72.31%   76.69%  74.07%       746       415     140,327
@50      79.72%  83.52%   87.27%  86.37%       974       579     107,478
@100     81.15%  85.19%   91.05%  90.79%     1,055     1,169      99,227
@150     81.30%  85.36%   91.68%  91.55%     1,311     1,659      79,850
@200     84.18%  86.81%   91.77%  91.65%     1,749     2,567      59,854
@500     84.19%  86.81%   91.78%  91.67%     1,537     2,078      68,109
full     84.19%  86.81%   91.78%  91.67%     1,201     1,823      87,164

Strict accuracy — CharSoup ∩ Lingua (71 languages, 70,784 sentences)
        ── CharSoup ──  ── Lingua ──      CS(ms)  Lingua(ms)   CS sent/s
Length     mF1    acc     mF1    acc                                
------------------------------------------------------------------------
@20      80.90%  79.54%   77.78%  76.80%       477     3,785     148,394
@50      91.86%  92.95%   92.24%  91.51%       551     7,758     128,465
@100     93.58%  95.02%   96.58%  96.20%       671    13,300     105,490
@150     93.77%  95.24%   97.27%  96.96%       937    15,606      75,543
@200     94.48%  95.56%   97.37%  97.07%     1,163    27,149      60,863
@500     94.48%  95.57%   97.38%  97.09%       991    17,807      71,427
full     94.48%  95.57%   97.38%  97.09%       862    17,354      82,116

Strict accuracy — CharSoup ∩ Optimaize (63 languages, 61,811 sentences)
        ── CharSoup ──  ── Optimaize ──    CS(ms)  Optimaize(ms)   CS sent/s
Length     mF1    acc     mF1    acc                                
------------------------------------------------------------------------
@20      82.73%  80.57%   86.30%  85.54%       471       123     131,234
@50      93.53%  94.11%   95.40%  95.14%       490       530     126,145
@100     95.11%  96.14%   97.23%  97.17%       630       525      98,113
@150     95.26%  96.36%   97.33%  97.34%       745       577      82,968
@200     96.01%  96.69%   97.34%  97.35%     1,281       978      48,252
@500     96.02%  96.70%   97.34%  97.35%       736       566      83,982
full     96.02%  96.70%   97.34%  97.35%     1,141       608      54,173

CharSoup timing (wall-clock, full pipeline including script gate + group collapse):
Length    Wall(ms)    Sent/sec
--------------------------------
@20          1,869      68,811
@50          2,300      55,917
@100         2,208      58,246
@150         2,292      56,112
@200         3,166      40,622
@500         4,271      30,112
full         2,446      52,579

Per-language CharSoup F1 by length:
Language           @20     @50    @100    @150    @200    @500    full
----------------------------------------------------------------------
ace               0.00%    0.00%    0.00%    0.00%   17.40%   17.40%   17.40%
afr              65.70%   78.94%   82.66%   82.79%   84.09%   84.09%   84.09%
aka              74.69%   93.08%   97.38%   97.97%   98.12%   98.12%   98.12%
amh              93.47%   99.25%   99.75%   99.80%   99.80%   99.80%   99.80%
ara              93.43%   99.70%   99.90%   99.90%   99.90%   99.90%   99.90%
asm              94.92%   99.55%   99.95%   99.95%   99.95%   99.95%   99.95%
azb              73.04%   86.02%   90.65%   91.57%   91.87%   91.81%   91.81%
aze              82.45%   95.47%   96.93%   97.27%   97.50%   97.50%   97.50%
bak              86.44%   98.35%   99.95%   99.95%   99.95%   99.95%   99.95%
ban               0.00%    0.00%    0.00%    0.00%   20.04%   20.20%   20.20%
bel              94.16%   99.70%   99.95%   99.95%   99.95%   99.95%   99.95%
ben              94.99%   99.55%   99.95%   99.95%   99.95%   99.95%   99.95%
bjn               0.00%    0.00%    0.00%    0.00%   16.22%   16.22%   16.22%
bul              79.54%   97.22%   99.75%   99.85%   99.85%   99.85%   99.85%
cat              69.32%   92.02%   96.98%   97.98%   98.18%   98.18%   98.18%
ceb               0.00%    0.00%    0.00%    0.00%   26.31%   26.31%   26.31%
ces              79.86%   91.96%   94.63%   94.13%   94.99%   94.99%   94.99%
ckb              97.92%   99.90%  100.00%  100.00%  100.00%  100.00%  100.00%
cym              91.23%   97.26%   98.52%   98.81%   99.06%   99.06%   99.06%
dan              65.88%   85.85%   92.77%   94.20%   94.84%   94.84%   94.84%
deu              69.36%   85.11%   81.83%   80.40%   82.25%   82.25%   82.25%
ell              98.83%   99.80%  100.00%  100.00%  100.00%  100.00%  100.00%
eng              47.86%   80.77%   93.25%   95.64%   95.85%   95.90%   95.90%
epo               0.00%    0.00%    0.00%    0.00%   11.00%   11.00%   11.00%
est              79.59%   95.92%   98.81%   99.20%   99.20%   99.20%   99.20%
eus              73.46%   92.85%   97.31%   97.94%   98.13%   98.13%   98.13%
ewe              88.48%   98.14%   99.20%   99.40%   99.45%   99.45%   99.45%
fao               0.00%    0.00%    0.00%    0.00%   12.95%   12.95%   12.95%
fas              72.07%   88.19%   92.05%   92.77%   92.94%   92.90%   92.90%
fin              82.83%   97.86%   99.20%   99.55%   99.65%   99.65%   99.65%
fra              69.74%   93.99%   98.22%   98.86%   98.96%   98.96%   98.96%
gla               0.00%    0.00%    0.00%    0.00%   30.44%   30.44%   30.44%
gle              62.37%   65.89%   66.44%   66.49%   70.71%   70.71%   70.71%
glg               0.00%    0.00%    0.00%    0.00%   20.04%   20.20%   20.20%
grn               0.00%    0.00%    0.00%    0.00%   12.77%   12.77%   12.77%
guj              99.29%  100.00%  100.00%  100.00%  100.00%  100.00%  100.00%
hau              83.81%   95.93%   95.68%   95.27%   95.45%   95.45%   95.45%
heb              96.30%   99.65%   99.95%   99.95%   99.95%   99.95%   99.95%
hin              60.37%   72.62%   77.02%   76.85%   77.97%   77.97%   77.97%
hrv              72.33%   92.28%   94.83%   94.75%   95.20%   95.20%   95.20%
hun              84.64%   96.67%   98.76%   99.01%   99.25%   99.25%   99.25%
hye              99.60%   99.95%   99.95%   99.95%   99.95%   99.95%   99.95%
ibo              83.21%   94.70%   97.89%   98.42%   98.52%   98.52%   98.52%
ilo               0.00%    0.00%    0.00%    0.00%   29.43%   29.43%   29.43%
ind              42.07%   46.99%   48.83%   48.94%   50.77%   50.79%   50.79%
isl              65.62%   67.32%   67.03%   66.94%   68.52%   68.52%   68.52%
ita              58.66%   83.65%   90.79%   92.01%   92.84%   92.84%   92.84%
jav              46.24%   60.47%   63.67%   64.13%   66.82%   66.87%   66.87%
jpn              98.34%   99.65%   99.75%   99.75%   99.75%   99.75%   99.75%
kab               0.00%    0.00%    0.00%    0.00%   10.64%   10.64%   10.64%
kan              99.09%  100.00%  100.00%  100.00%  100.00%  100.00%  100.00%
kat              99.09%   99.90%  100.00%  100.00%  100.00%  100.00%  100.00%
kaz              90.19%   99.25%   99.95%   99.95%   99.95%   99.95%   99.95%
khm              97.69%   99.90%   99.95%  100.00%  100.00%  100.00%  100.00%
kin              75.97%   88.03%   90.97%   90.31%   91.38%   91.38%   91.38%
kir              84.57%   98.58%   99.95%   99.95%   99.95%   99.95%   99.95%
kor              99.24%   99.90%  100.00%  100.00%  100.00%  100.00%  100.00%
kur               0.00%    0.00%    0.00%    0.00%    0.00%    0.00%    0.00%
lao              93.94%   99.45%   99.95%  100.00%  100.00%  100.00%  100.00%
lav              83.28%   97.78%   99.01%   99.50%   99.60%   99.60%   99.60%
lim               0.00%    0.00%    0.00%    0.00%   14.34%   14.34%   14.34%
lit              82.19%   96.67%   98.81%   99.06%   99.06%   99.06%   99.06%
ltz               0.00%    0.00%    0.00%    0.00%   20.36%   20.36%   20.36%
lug              77.05%   94.77%   97.98%   98.46%   98.61%   98.61%   98.61%
lus              78.83%   94.70%   98.85%   99.70%   99.80%   99.80%   99.80%
mal              98.68%  100.00%  100.00%  100.00%  100.00%  100.00%  100.00%
mar              69.77%   85.31%   89.38%   89.88%   90.26%   90.26%   90.26%
min               0.00%    0.00%    0.00%    0.00%   16.39%   16.39%   16.39%
mkd              80.45%   96.48%   99.65%   99.80%   99.75%   99.75%   99.75%
mlg              82.97%   96.65%   99.01%   99.40%   99.40%   99.40%   99.40%
mlt              75.78%   89.58%   91.33%   92.39%   92.86%   92.86%   92.86%
mon              94.85%   99.85%  100.00%  100.00%  100.00%  100.00%  100.00%
msa               0.00%    0.00%    0.00%    0.00%   19.22%   19.54%   19.54%
mya              98.37%   99.75%  100.00%  100.00%  100.00%  100.00%  100.00%
nep              66.56%   83.15%   87.46%   89.02%   89.60%   89.60%   89.60%
nld              64.64%   78.86%   78.15%   78.19%   79.25%   79.20%   79.20%
nno               0.00%    0.00%    0.00%    0.00%   12.59%   12.59%   12.59%
nob              52.43%   59.71%   61.56%   62.18%   63.72%   63.72%   63.72%
nso               0.00%    0.00%    0.00%    0.00%   24.78%   24.78%   24.78%
nya              64.36%   67.70%   67.18%   67.03%   72.15%   72.18%   72.18%
ori              98.47%  100.00%  100.00%  100.00%  100.00%  100.00%  100.00%
pan              99.09%   99.95%   99.95%   99.95%   99.95%   99.95%   99.95%
pap               0.00%    0.00%    0.00%    0.00%   15.54%   15.54%   15.54%
pol              66.29%   66.55%   66.80%   66.73%   68.43%   68.40%   68.40%
por              65.25%   75.14%   75.76%   75.60%   77.96%   78.00%   78.00%
pus              85.28%   97.20%   99.30%   99.65%   99.70%   99.70%   99.70%
ron              82.10%   97.44%   99.25%   99.40%   99.40%   99.40%   99.40%
rus              69.02%   95.52%   99.40%   99.50%   99.55%   99.55%   99.55%
san               0.00%    0.00%    0.00%    0.00%   10.64%   10.64%   10.64%
sat              99.85%  100.00%  100.00%  100.00%  100.00%  100.00%  100.00%
sin              99.29%  100.00%  100.00%  100.00%  100.00%  100.00%  100.00%
slk              78.55%   91.81%   94.36%   95.17%   95.26%   95.26%   95.26%
slv              73.85%   92.61%   96.93%   97.50%   97.74%   97.74%   97.74%
smo              78.21%   95.58%   98.57%   99.15%   99.15%   99.15%   99.15%
sna              72.42%   90.91%   93.81%   93.65%   93.96%   93.96%   93.96%
snd              85.16%   98.03%   99.70%   99.75%   99.75%   99.75%   99.75%
som              67.12%   76.37%   76.02%   76.25%   77.20%   77.20%   77.20%
spa              61.55%   75.91%   78.30%   78.73%   80.24%   80.24%   80.24%
sqi              79.24%   94.79%   98.37%   98.71%   98.81%   98.81%   98.81%
srp              83.42%   97.75%   99.60%   99.75%   99.80%   99.80%   99.80%
sun              39.35%   41.97%   41.77%   41.22%   44.22%   44.25%   44.25%
swe              68.72%   92.05%   97.45%   98.25%   98.40%   98.40%   98.40%
swh              76.07%   93.35%   98.03%   98.08%   98.13%   98.13%   98.13%
szl               0.00%    0.00%    0.00%    0.00%   13.82%   13.64%   13.64%
tam              97.95%  100.00%  100.00%  100.00%  100.00%  100.00%  100.00%
tat              82.94%   98.23%   99.95%  100.00%  100.00%  100.00%  100.00%
tel              98.21%   99.65%  100.00%  100.00%  100.00%  100.00%  100.00%
tgk              92.43%   99.60%  100.00%  100.00%  100.00%  100.00%  100.00%
tgl              62.14%   76.78%   83.97%   86.95%   88.06%   88.06%   88.06%
tha              97.69%   99.70%  100.00%  100.00%  100.00%  100.00%  100.00%
tir              94.04%   99.50%   99.85%   99.85%   99.85%   99.85%   99.85%
tsn              64.40%   65.59%   66.14%   66.20%   69.43%   69.45%   69.45%
tso              74.07%   92.54%   96.82%   97.74%   97.74%   97.74%   97.74%
tuk              78.56%   85.45%   82.72%   81.09%   81.35%   81.35%   81.35%
tum               0.00%    0.00%    0.00%    0.00%   35.48%   35.61%   35.61%
tur              67.72%   88.17%   91.91%   92.10%   92.57%   92.57%   92.57%
uig              99.04%  100.00%  100.00%  100.00%  100.00%  100.00%  100.00%
ukr              87.33%   99.09%   99.90%   99.90%   99.90%   99.90%   99.90%
urd              85.83%   98.03%   99.70%   99.75%   99.65%   99.70%   99.70%
uzb              76.20%   95.49%   98.51%   98.71%   98.96%   98.96%   98.96%
vie              94.13%   98.42%   99.55%   99.40%   99.45%   99.45%   99.45%
war               0.00%    0.00%    0.00%    0.00%   31.73%   31.73%   31.73%
xho              60.78%   79.60%   87.19%   89.09%   89.53%   89.49%   89.49%
ydd              96.71%   99.75%   99.95%   99.95%   99.95%   99.95%   99.95%
yor              64.16%   76.83%   81.98%   83.73%   85.24%   85.24%   85.24%
yue               0.00%    0.00%    0.00%    0.00%    0.00%    0.00%    0.00%
zho              77.88%   79.29%   79.52%   79.52%   79.52%   79.52%   79.52%
zul              62.84%   83.88%   91.14%   91.75%   92.57%   92.52%   92.52%

Per-language macro F1 (full):
Language      CharSoup  OpenNLP   Lingua  Optimaize
----------------------------------------------------------
ace            17.40%      N/A      N/A      N/A
afr            84.09%   96.34%   96.40%   98.61%
aka            98.12%      N/A      N/A      N/A
amh            99.80%   99.95%      N/A      N/A
ara            99.90%  100.00%  100.00%  100.00%
asm            99.95%   99.90%      N/A      N/A
azb            91.81%      N/A      N/A      N/A
aze            97.50%   99.25%   98.99%      N/A
bak            99.95%   97.85%      N/A      N/A
ban            20.20%   43.66%      N/A      N/A
bel            99.95%  100.00%  100.00%  100.00%
ben            99.95%   99.85%  100.00%  100.00%
bjn            16.22%      N/A      N/A      N/A
bul            99.85%   98.33%   98.11%   99.14%
cat            98.18%   98.03%   98.43%   86.74%
ceb            26.31%   32.41%      N/A      N/A
ces            94.99%   99.50%   98.79%   99.90%
ckb           100.00%    0.00%      N/A      N/A
cym            99.06%   99.95%   98.66%   99.85%
dan            94.84%   95.45%   95.01%   98.06%
deu            82.25%   99.30%   99.65%   99.40%
ell           100.00%   99.95%  100.00%  100.00%
eng            95.90%   97.22%   97.85%   98.13%
epo            11.00%   98.75%   98.34%      N/A
est            99.20%   78.32%   99.50%   99.80%
eus            98.13%   98.90%   99.15%   99.85%
ewe            99.45%      N/A      N/A      N/A
fao            12.95%   97.72%      N/A      N/A
fas            92.90%    0.59%   99.30%   99.95%
fin            99.65%   99.39%   99.60%   99.65%
fra            98.96%   99.25%   99.40%   99.55%
gla            30.44%   99.55%      N/A      N/A
gle            70.71%   99.50%   99.65%   99.95%
glg            20.20%   95.11%      N/A   97.22%
grn            12.77%      N/A      N/A      N/A
guj           100.00%  100.00%  100.00%  100.00%
hau            95.45%   97.59%      N/A      N/A
heb            99.95%   99.85%  100.00%   99.95%
hin            77.97%   89.24%   88.27%   99.90%
hrv            95.20%   66.67%   68.24%   98.65%
hun            99.25%   99.75%   99.80%  100.00%
hye            99.95%  100.00%  100.00%      N/A
ibo            98.52%   99.55%      N/A      N/A
ilo            29.43%      N/A      N/A      N/A
ind            50.79%   36.55%   78.31%   69.10%
isl            68.52%   97.91%   99.70%  100.00%
ita            92.84%   97.93%   98.30%   99.25%
jav            66.87%   73.06%      N/A      N/A
jpn            99.75%   99.65%  100.00%   68.12%
kab            10.64%      N/A      N/A      N/A
kan           100.00%  100.00%      N/A  100.00%
kat           100.00%  100.00%  100.00%      N/A
kaz            99.95%   99.40%   97.61%      N/A
khm           100.00%   99.95%      N/A  100.00%
kin            91.38%   99.04%      N/A      N/A
kir            99.95%   98.78%      N/A      N/A
kor           100.00%   99.55%  100.00%   99.80%
kur             0.00%   96.79%      N/A      N/A
lao           100.00%   99.95%      N/A      N/A
lav            99.60%   67.86%   99.30%  100.00%
lim            14.34%   86.96%      N/A      N/A
lit            99.06%   99.24%   99.50%   99.90%
ltz            20.36%   98.99%      N/A      N/A
lug            98.61%   97.64%   98.84%      N/A
lus            99.80%      N/A      N/A      N/A
mal           100.00%  100.00%      N/A  100.00%
mar            90.26%   97.97%   89.67%  100.00%
min            16.39%   80.27%      N/A      N/A
mkd            99.75%   97.59%   97.23%   96.98%
mlg            99.40%   98.13%      N/A      N/A
mlt            92.86%   99.34%      N/A   99.90%
mon           100.00%   99.90%   99.15%      N/A
msa            19.54%   67.94%   80.78%   40.12%
mya           100.00%  100.00%      N/A      N/A
nep            89.60%   97.56%      N/A   99.90%
nld            79.20%   90.66%   96.43%   98.53%
nno            12.59%   88.95%   89.86%      N/A
nob            63.72%   87.81%   87.90%      N/A
nso            24.78%   95.91%      N/A      N/A
nya            72.18%      N/A      N/A      N/A
ori           100.00%  100.00%      N/A      N/A
pan            99.95%   99.95%  100.00%  100.00%
pap            15.54%      N/A      N/A      N/A
pol            68.40%   99.70%   99.65%   99.95%
por            78.00%   98.03%   98.40%   98.19%
pus            99.70%   95.25%      N/A      N/A
ron            99.40%   98.95%   97.34%  100.00%
rus            99.55%   98.22%   98.51%   99.65%
san            10.64%   84.87%      N/A      N/A
sat           100.00%      N/A      N/A      N/A
sin           100.00%  100.00%      N/A      N/A
slk            95.26%   99.14%   98.55%   99.70%
slv            97.74%   97.72%   98.03%   98.60%
smo            99.15%      N/A      N/A      N/A
sna            93.96%      N/A   99.00%      N/A
snd            99.75%   99.95%      N/A      N/A
som            77.20%   99.60%   99.80%   99.95%
spa            80.24%   84.02%   98.05%   92.82%
sqi            98.81%   99.70%   99.70%  100.00%
srp            99.80%   99.14%   97.61%   97.28%
sun            44.25%      N/A      N/A      N/A
swe            98.40%   98.42%   98.45%   99.50%
swh            98.13%      N/A      N/A      N/A
szl            13.64%      N/A      N/A      N/A
tam           100.00%  100.00%  100.00%  100.00%
tat           100.00%   97.72%      N/A      N/A
tel           100.00%   99.55%   99.95%  100.00%
tgk           100.00%  100.00%      N/A      N/A
tgl            88.06%   54.09%   96.87%   99.65%
tha           100.00%   99.55%   97.90%  100.00%
tir            99.85%      N/A      N/A      N/A
tsn            69.45%   95.18%   92.46%      N/A
tso            97.74%      N/A   98.90%      N/A
tuk            81.35%   99.75%      N/A      N/A
tum            35.61%      N/A      N/A      N/A
tur            92.57%   98.53%   98.85%   99.95%
uig           100.00%   91.88%      N/A      N/A
ukr            99.90%   99.60%   97.86%   99.85%
urd            99.70%   96.75%   99.30%  100.00%
uzb            98.96%   98.21%      N/A      N/A
vie            99.45%   99.90%   99.05%  100.00%
war            31.73%   11.58%      N/A      N/A
xho            89.49%   84.42%   90.94%      N/A
ydd            99.95%      N/A      N/A      N/A
yor            85.24%   98.58%   97.38%      N/A
yue             0.00%      N/A      N/A      N/A
zho            79.52%      N/A  100.00%   87.76%
zul            92.52%   81.80%   91.63%      N/A

CharSoup top confusions (languages with F1 < 95%, @20):
TrueLabel         F1  Top misclassifications (predicted → count)
------------------------------------------------------------------------
ace             0.0%  sun→454, unk→107, ind→73, jav→53, ibo→23, tgl→22, kha→17
ban             0.0%  jav→359, sun→125, ind→124, unk→57, tgl→44, sna→22, tet→19
bjn             0.0%  sun→226, ind→189, jav→160, tgl→55, unk→45, tet→31, trv→30
ceb             0.0%  hil→565, tgl→300, unk→24, trv→12, sqi→10, dag→7, tay→7
epo             0.0%  som→265, unk→153, yor→73, slv→43, tet→40, spa→40, lit→34
fao             0.0%  isl→725, unk→54, nob→43, swe→17, ita→12, aze→11, hun→10
gla             0.0%  gle→862, unk→30, lus→17, mlg→9, vie→8, smo→6, yor→6
glg             0.0%  por→325, spa→152, unk→90, tet→58, cat→47, ita→43, eng→37
grn             0.0%  unk→269, eus→74, tet→55, ita→51, slk→49, yor→39, spa→36
ilo             0.0%  sun→237, tgl→119, yor→83, unk→71, som→60, hil→37, dag→32
kab             0.0%  unk→336, som→49, xho→41, aze→36, kin→27, aka→27, cym→25
kur             0.0%  unk→327, tuk→50, yor→47, dag→44, ita→40, tur→30, som→25
lim             0.0%  afr→172, unk→145, nld→143, fry→130, kin→36, fra→29, deu→28
ltz             0.0%  unk→279, deu→107, fry→84, gle→41, hyw→35, afr→29, fra→28
min             0.0%  ind→226, jav→122, sun→119, tet→66, unk→59, tgl→56, eus→45
msa             0.0%  ind→651, sun→87, jav→70, tet→24, unk→18, smo→13, sna→10
nno             0.0%  nob→487, unk→84, swe→74, dan→61, isl→51, afr→19, sqi→18
nso             0.0%  tsn→538, unk→57, tso→40, smo→27, yor→22, dag→19, tet→19
pap             0.0%  unk→129, yor→96, ita→95, mlt→81, tet→60, sun→58, som→39
san             0.0%  hin→554, mar→253, nep→174, unk→13, sna→1, cat→1, eng→1
szl             0.0%  pol→656, unk→73, yor→39, ces→24, slk→21, hrv→20, hun→19
tum             0.0%  nya→584, swh→73, sna→60, kin→30, xho→30, lug→28, yor→27
war             0.0%  hil→401, tgl→101, tet→68, trv→49, unk→41, som→37, tso→33
yue             0.0%  zho→949, unk→33, jpn→5, gle→1, fra→1, spa→1, ita→1
sun            39.3%  jav→67, ind→57, unk→32, mlg→18, tgl→15, tet→14, som→12
ind            42.1%  sun→73, jav→54, tet→39, unk→25, trv→12, smo→10, tgl→8
jav            46.2%  sun→67, ind→57, unk→33, mlg→15, tgl→14, trv→13, sqi→13
eng            47.9%  unk→158, dag→33, ita→29, mlg→22, yor→17, aze→17, orm→17
nob            52.4%  dan→96, unk→70, swe→30, fry→20, afr→16, isl→15, ita→13
ita            58.7%  cat→35, unk→32, mlt→20, smo→16, fra→13, som→10, tet→9
hin            60.4%  mar→62, nep→55, unk→3, spa→1
xho            60.8%  zul→89, unk→23, yor→21, lug→13, sna→9, tso→7, kin→6
spa            61.6%  cat→86, unk→34, por→28, tet→27, ita→22, yor→14, eus→13
tgl            62.1%  hil→79, trv→8, sun→6, ibo→5, lus→4, som→4, unk→4
gle            62.4%  unk→8, eng→5, lus→4, spa→2, sun→2, ron→2, smo→2
zul            62.8%  xho→317, yor→45, lug→21, unk→14, kin→6, hrv→6, nya→5
yor            64.2%  dag→11, unk→8, eng→5, aka→5, smo→3, tet→3, som→2
nya            64.4%  unk→17, lug→15, xho→14, swh→13, sna→11, tso→9, smo→6
tsn            64.4%  smo→34, unk→20, tet→16, lug→14, swh→13, ita→12, tgl→12
nld            64.6%  afr→119, fry→108, unk→23, eng→22, deu→14, yor→12, kin→11
por            65.2%  unk→43, tet→37, cat→21, ita→19, lit→18, eng→16, spa→16
isl            65.6%  unk→16, eng→6, nob→4, ita→4, hun→3, tso→3, lit→3
afr            65.7%  kin→46, nld→25, unk→24, fry→18, eng→17, som→8, lav→4
dan            65.9%  nob→117, unk→53, swe→31, fry→25, afr→21, isl→11, ita→10
pol            66.3%  unk→18, ces→9, hrv→9, slk→9, slv→8, ita→6, xho→5
nep            66.6%  hin→270, mar→85, unk→9
som            67.1%  unk→9, orm→7, est→3, smo→3, sna→3, xho→3, dag→2
tur            67.7%  aze→69, tuk→66, unk→45, sna→31, ita→11, uzb→6, sqi→5
swe            68.7%  unk→70, nob→48, dan→28, fin→20, som→10, ita→10, sna→10
rus            69.0%  udm→51, bul→46, srp→43, che→42, chv→34, ukr→28, tgk→25
cat            69.3%  unk→32, ita→21, spa→20, por→12, fra→11, lav→10, mlg→10
deu            69.4%  unk→61, afr→60, kin→16, ita→13, lav→13, fry→12, gle→10
fra            69.7%  unk→69, cat→42, smo→21, yor→19, mlg→19, eng→15, dag→14
mar            69.8%  hin→205, nep→43
fas            72.1%  pus→92, snd→91, azb→51, urd→13, ckb→10, unk→4, som→2
hrv            72.3%  slv→127, unk→22, yor→20, slk→14, eus→8, ces→8, ita→6
sna            72.4%  nya→28, unk→20, xho→18, lug→12, smo→8, swh→6, tso→4
azb            73.0%  fas→228, pus→44, urd→39, snd→19, ckb→15, unk→3
eus            73.5%  unk→48, tet→23, ita→15, afr→8, yor→6, slv→6, pol→6
slv            73.9%  hrv→59, yor→32, slk→12, ces→10, unk→10, ita→5, sqi→3
tso            74.1%  sna→23, nya→23, xho→16, sun→15, unk→15, lug→15, yor→14
aka            74.7%  unk→55, dag→20, ibo→19, eng→11, lug→9, som→7, smo→6
mlt            75.8%  unk→64, ita→35, som→17, dag→9, yor→8, ron→8, eng→8
kin            76.0%  xho→23, swh→12, yor→12, sna→12, unk→12, lug→12, zul→7
swh            76.1%  sna→19, dag→15, yor→13, som→12, unk→12, nya→12, smo→11
uzb            76.2%  unk→39, aze→30, tuk→28, eus→13, yor→12, tur→11, som→10
lug            77.1%  xho→24, kin→21, unk→12, swh→8, sna→8, nya→8, som→6
zho            77.9%  unk→97, jpn→9, spa→4, ita→2, cat→1, tgl→1, tsn→1
smo            78.2%  ibo→11, unk→10, gle→3, tet→3, mlg→3, yor→3, sqi→2
slk            78.6%  ces→49, slv→17, yor→12, unk→9, hrv→8, mlg→4, sqi→3
tuk            78.6%  tur→40, unk→37, aze→9, ind→5, yor→4, pol→3, ita→3
lus            78.8%  unk→50, tso→36, eng→32, yor→9, aka→8, xho→8, dag→7
sqi            79.2%  unk→18, slv→9, ita→7, som→5, yor→5, hrv→4, swh→3
bul            79.5%  mkd→74, srp→28, rus→21, tgk→19, ukr→9, sah→8, chv→6
est            79.6%  unk→39, fin→19, som→8, smo→8, lit→7, eng→6, tet→6
ces            79.9%  slk→101, slv→18, unk→17, yor→14, pol→8, hrv→8, est→4
mkd            80.5%  bul→65, srp→57, tgk→12, che→9, rus→8, udm→6, bak→5
ron            82.1%  unk→22, ita→15, cat→13, smo→11, fra→9, tet→7, tur→5
lit            82.2%  unk→36, lav→19, smo→9, ita→8, slv→7, est→5, cat→4
aze            82.5%  tur→43, unk→14, tuk→7, uzb→6, eus→4, swh→3, ita→3
fin            82.8%  est→55, unk→26, ita→16, som→11, smo→8, deu→5, lit→4
tat            82.9%  bak→66, kir→30, rus→21, sah→19, kaz→15, udm→15, unk→14
mlg            83.0%  smo→7, tet→5, unk→4, spa→2, hrv→2, tso→2, aka→2
ibo            83.2%  yor→9, unk→8, smo→4, nya→4, swh→3, hil→3, som→3
lav            83.3%  unk→20, lit→16, hrv→5, est→4, cym→4, fin→3, slv→3
srp            83.4%  mkd→95, bul→23, rus→8, tgk→6, che→4, kir→3, ukr→3
hau            83.8%  swh→13, unk→12, som→9, trv→9, dag→8, sna→7, ita→6
kir            84.6%  kaz→27, rus→27, sah→21, tat→16, tgk→16, mon→15, unk→14
hun            84.6%  unk→35, slk→7, ita→6, eus→5, cat→4, eng→4, tet→4
snd            85.2%  pus→10, ara→6, urd→6, azb→5, fas→4, unk→2, heb→1
pus            85.3%  azb→38, fas→33, unk→17, snd→13, urd→8, ckb→5, som→2
urd            85.8%  snd→135, fas→17, azb→16, unk→2, ckb→2, som→1, spa→1
bak            86.4%  tat→37, kaz→24, rus→12, bul→12, unk→10, kir→8, sah→6
ukr            87.3%  srp→35, rus→25, bul→23, bel→16, tgk→15, mkd→12, chv→8
ewe            88.5%  unk→35, aka→10, yor→8, ibo→6, eus→4, dag→4, smo→4
kaz            90.2%  kir→20, unk→18, bak→13, rus→9, tgk→9, bul→8, ukr→6
cym            91.2%  gle→8, unk→6, pol→3, ita→3, lav→2, spa→1, mlg→1
tgk            92.4%  che→7, bul→7, mon→3, unk→3, udm→3, mkd→2, srp→2
ara            93.4%  snd→39, urd→27, pus→26, fas→14, azb→4, unk→2, ckb→2
amh            93.5%  tir→16, unk→9, orm→3, eng→3, lus→2, tet→1, spa→1
lao            93.9%  unk→99, ita→3, spa→2, sna→2, xho→2, eng→2, gle→1
tir            94.0%  amh→96, lav→1, unk→1
vie            94.1%  unk→12, xho→3, gle→2, kha→2, spa→2, hil→2, lus→2
bel            94.2%  rus→14, ukr→11, mkd→5, sah→5, udm→5, che→4, mon→3
mon            94.8%  sah→19, che→8, tgk→6, kir→5, rus→4, oss→4, udm→3
asm            94.9%  ben→52, unk→2
ben            95.0%  asm→47, unk→1

CharSoup top confusions (languages with F1 < 95%, full):
TrueLabel         F1  Top misclassifications (predicted → count)
------------------------------------------------------------------------
kur             0.0%  tuk→315, tur→70, yor→70, diq→59, hau→49, trv→46, kin→41
yue             0.0%  zho→980, ita→4, ces→2, unk→2, som→1, fra→1, sna→1
kab            10.6%  tuk→132, kin→112, som→89, tur→69, nob→68, xho→58, mlt→48
san            10.6%  hin→531, mar→207, nep→203
epo            11.0%  som→452, tet→102, yor→98, spa→76, hrv→66, slv→36, ita→13
nno            12.6%  nob→916, dan→11, swe→1, ita→1, hrv→1
grn            12.8%  tet→302, slk→85, spa→81, sna→66, ces→65, ita→49, yor→39
fao            12.9%  isl→915, nob→8, dan→1, ces→1, cat→1, uzb→1, hrv→1
szl            13.6%  pol→917, slk→2, ces→1, ewe→1, ita→1, tuk→1, hrv→1
lim            14.3%  nld→436, afr→324, fry→135, kin→6, eng→4, por→3, deu→3
pap            15.5%  tet→411, sun→189, mlt→78, yor→65, ita→46, tgl→23, ind→16
bjn            16.2%  sun→503, ind→290, jav→109, tgl→4, hil→2, tet→1
min            16.4%  ind→507, sun→197, jav→128, tet→43, hil→22, tgl→5, tur→1
ace            17.4%  sun→862, ind→24, jav→9, ita→2, tgl→1, mlg→1, hil→1
msa            19.5%  ind→870, sun→15, tet→1, jav→1
ban            20.2%  jav→678, sun→126, ind→70, tet→2, tgl→2, hil→2, smo→1
glg            20.2%  por→519, spa→320, tet→36, cat→4, tur→1, gle→1, fra→1
ltz            20.4%  deu→420, fry→173, nob→71, nld→48, dan→31, afr→29, ces→18
nso            24.8%  tsn→850, tso→2, som→1, tet→1, swh→1, dag→1
ceb            26.3%  hil→801, tgl→45
ilo            29.4%  sun→484, tgl→177, hil→98, yor→19, tet→14, aka→9, som→7
gla            30.4%  gle→818
war            31.7%  hil→765, tet→11, tso→10, tgl→6, trv→5, sun→4, ita→2
tum            35.6%  nya→753, swh→13, tso→4, sna→4, kin→3, zul→2, trv→1
sun            44.3%  ind→4, jav→2, ita→1, hil→1
ind            50.8%  msa→19, sun→13, jav→3
nob            63.7%  dan→16, swe→1
jav            66.9%  sun→4, ind→3, hau→1
pol            68.4%    (no misses recorded)
isl            68.5%    (no misses recorded)
tsn            69.5%    (no misses recorded)
gle            70.7%    (no misses recorded)
nya            72.2%  tso→1, yor→1
som            77.2%    (no misses recorded)
hin            78.0%  nep→8
por            78.0%  tet→1
nld            79.2%  afr→9, fry→9, vls→4, deu→1, slv→1
zho            79.5%  unk→7, eng→3, spa→2, jpn→2, tsn→2, ita→2, hun→1
spa            80.2%  por→1, cat→1
tuk            81.4%    (no misses recorded)
deu            82.2%  afr→1
afr            84.1%  nld→1
yor            85.2%  ibo→1
tgl            88.1%  hil→1
xho            89.5%  zul→62, kin→1, sna→1, yor→1
nep            89.6%  hin→14, mar→1
mar            90.3%  hin→4, nep→2
kin            91.4%    (no misses recorded)
azb            91.8%  fas→149, pus→2
zul            92.5%  xho→35, som→1, sna→1, yor→1, lug→1
tur            92.6%  sna→2, tuk→2, aze→2
ita            92.8%  mlt→4, smo→1
mlt            92.9%  ind→1, jav→1
fas            92.9%  pus→2, eng→1
sna            94.0%  tet→1, swh→1
dan            94.8%  nob→12, sna→1
ces            95.0%  slk→1
