=== Language Detection Comparison Report ===

Test sentences:   203,381
CharSoup ∩ OpenNLP:   105 languages, 104,684 sentences
CharSoup ∩ Lingua:    71 languages, 70,784 sentences
CharSoup ∩ Optimaize: 63 languages, 61,811 sentences

Model heap (approx):
  CharSoup:  ~0.0 MB
  OpenNLP:   ~74.2 MB
  Lingua:    ~0.1 MB  (low accuracy mode)
  Optimaize: ~94.8 MB

Coverage-adjusted accuracy — each detector scored on its own supported languages only
  (test sentences whose true language is not in a detector's covered set are skipped)
        ─ CharSoup ─    ─ OpenNLP ─     ── Lingua ──    ─ Optimaize ─     CS(ms)    ON(ms)    Li(ms)   Opt(ms)   CS sent/s
Length     mF1    acc     mF1    acc     mF1    acc     mF1    acc                                                    
----------------------------------------------------------------------------------------------------------------------
@20      78.71%  75.20%   74.87%  72.85%   76.35%  75.88%   84.87%  84.38%     1,714     1,271    12,700       659      75,034
@50      93.73%  93.34%   86.09%  85.43%   90.99%  90.63%   94.44%  94.29%     1,704     1,446    28,231     3,489      75,474
@100     96.67%  96.69%   90.25%  90.12%   95.43%  95.33%   96.51%  96.50%     1,947     2,400    40,830     3,668      66,054
@150     97.08%  97.14%   90.98%  90.97%   96.15%  96.11%   96.72%  96.76%     2,083     3,141    52,379     4,046      61,742
@200     97.14%  97.21%   91.11%  91.11%   96.23%  96.20%   96.75%  96.79%     2,334     3,907    53,287     4,046      55,102
@500     97.14%  97.21%   91.12%  91.12%   96.25%  96.22%   96.76%  96.81%     2,324     4,097    55,257     4,104      55,339
full     97.14%  97.21%   91.12%  91.12%   96.25%  96.22%   96.76%  96.81%     2,297     4,065    54,904     4,257      55,990

Breadth-weighted accuracy — all 203 FLORES languages, unsupported languages score 0
  (penalises limited coverage; use this to compare total useful output across all inputs)
        ─ CharSoup ─    ─ OpenNLP ─     ── Lingua ──    ─ Optimaize ─ 
Length     mF1    acc     mF1    acc     mF1    acc     mF1    acc
----------------------------------------------------------------------
@20      49.63%  47.56%   42.05%  40.71%   27.46%  27.53%   26.76%  26.89%
@50      59.10%  59.02%   48.35%  47.74%   32.72%  32.88%   29.77%  30.04%
@100     60.95%  61.14%   50.68%  50.36%   34.32%  34.58%   30.43%  30.75%
@150     61.21%  61.43%   51.09%  50.84%   34.58%  34.86%   30.49%  30.83%
@200     61.25%  61.47%   51.16%  50.91%   34.61%  34.90%   30.50%  30.84%
@500     61.25%  61.47%   51.17%  50.92%   34.61%  34.90%   30.51%  30.84%
full     61.25%  61.47%   51.17%  50.92%   34.61%  34.90%   30.51%  30.84%

Strict accuracy — CharSoup ∩ OpenNLP (105 languages, 104,684 sentences)
        ── CharSoup ──  ── OpenNLP ──     CS(ms)  OpenNLP(ms)   CS sent/s
Length     mF1    acc     mF1    acc                                
------------------------------------------------------------------------
@20      80.17%  75.59%   76.69%  74.07%       675       428     155,087
@50      94.95%  94.11%   87.27%  86.37%       805       659     130,042
@100     97.68%  97.42%   91.05%  90.79%       990     1,349     105,741
@150     98.05%  97.87%   91.68%  91.55%     1,211     1,839      86,444
@200     98.11%  97.94%   91.77%  91.65%     1,209     2,078      86,587
@500     98.12%  97.95%   91.78%  91.67%     1,282     2,139      81,657
full     98.12%  97.95%   91.78%  91.67%     1,210     2,118      86,516

Strict accuracy — CharSoup ∩ Lingua (71 languages, 70,784 sentences)
        ── CharSoup ──  ── Lingua ──      CS(ms)  Lingua(ms)   CS sent/s
Length     mF1    acc     mF1    acc                                
------------------------------------------------------------------------
@20      81.50%  75.81%   77.78%  76.80%       425     3,670     166,551
@50      96.03%  94.91%   92.24%  91.51%       525     7,535     134,827
@100     98.58%  98.23%   96.58%  96.20%       618    12,615     114,537
@150     98.95%  98.70%   97.27%  96.96%       781    16,418      90,633
@200     99.01%  98.77%   97.37%  97.07%       781    17,072      90,633
@500     99.01%  98.77%   97.38%  97.09%       804    17,688      88,040
full     99.01%  98.77%   97.38%  97.09%       808    17,795      87,604

Strict accuracy — CharSoup ∩ Optimaize (63 languages, 61,811 sentences)
        ── CharSoup ──  ── Optimaize ──    CS(ms)  Optimaize(ms)   CS sent/s
Length     mF1    acc     mF1    acc                                
------------------------------------------------------------------------
@20      82.07%  76.07%   86.30%  85.54%       371       109     166,606
@50      96.50%  95.20%   95.40%  95.14%       469       571     131,793
@100     98.79%  98.37%   97.23%  97.17%       537       536     115,104
@150     99.12%  98.82%   97.33%  97.34%       662       605      93,370
@200     99.16%  98.88%   97.34%  97.35%       699       629      88,428
@500     99.17%  98.88%   97.34%  97.35%       670       641      92,255
full     99.17%  98.88%   97.34%  97.35%       707       629      87,427

CharSoup timing (wall-clock, full pipeline including script gate + group collapse):
Length    Wall(ms)    Sent/sec
--------------------------------
@20          1,714      75,034
@50          1,704      75,474
@100         1,947      66,054
@150         2,083      61,742
@200         2,334      55,102
@500         2,324      55,339
full         2,297      55,990

Per-language CharSoup F1 by length:
Language           @20     @50    @100    @150    @200    @500    full
----------------------------------------------------------------------
ace              76.26%   93.06%   97.64%   98.22%   98.37%   98.37%   98.37%
afr              73.31%   96.59%   99.50%   99.75%   99.70%   99.70%   99.70%
aka              81.19%   95.26%   98.45%   98.90%   98.86%   98.86%   98.86%
amh              89.37%   98.38%   99.45%   99.55%   99.55%   99.55%   99.55%
ara              91.12%   99.85%  100.00%  100.00%  100.00%  100.00%  100.00%
asm              94.67%   99.65%   99.95%   99.95%   99.95%   99.95%   99.95%
azb              73.62%   86.34%   91.23%   92.04%   92.22%   92.16%   92.16%
aze              87.15%   98.40%   99.80%   99.85%   99.85%   99.85%   99.85%
bak              86.79%   98.20%   99.85%   99.95%   99.95%   99.95%   99.95%
ban              57.66%   86.45%   95.29%   96.55%   96.66%   96.71%   96.71%
bel              83.93%   99.65%   99.95%  100.00%  100.00%  100.00%  100.00%
ben              94.94%   99.65%   99.95%   99.95%   99.95%   99.95%   99.95%
bjn              52.30%   83.60%   93.17%   95.49%   95.63%   95.63%   95.63%
bul              78.96%   97.42%   99.55%   99.65%   99.65%   99.65%   99.65%
cat              72.43%   95.90%   99.30%   99.80%   99.80%   99.80%   99.80%
ceb              72.43%   92.91%   98.69%   99.30%   99.35%   99.35%   99.35%
ces              79.96%   97.78%   99.85%   99.85%   99.85%   99.85%   99.85%
ckb              94.15%   99.70%   99.95%   99.95%   99.95%   99.95%   99.95%
cym              95.48%   99.55%  100.00%  100.00%  100.00%  100.00%  100.00%
dan              58.57%   90.24%   96.85%   98.15%   98.20%   98.20%   98.20%
deu              68.59%   95.30%   99.45%   99.80%   99.90%   99.90%   99.90%
ell              98.52%   99.75%  100.00%  100.00%  100.00%  100.00%  100.00%
eng              45.49%   84.27%   93.57%   95.23%   95.23%   95.28%   95.28%
epo              74.57%   95.98%   99.29%   99.39%   99.39%   99.39%   99.39%
est              78.13%   97.72%   99.65%   99.80%   99.80%   99.80%   99.80%
eus              77.73%   97.90%   99.65%   99.95%   99.95%   99.95%   99.95%
ewe              90.09%   98.84%   99.85%   99.95%   99.95%   99.95%   99.95%
fao              76.64%   96.22%   99.20%   99.45%   99.45%   99.45%   99.45%
fas              73.82%   88.46%   92.66%   93.28%   93.41%   93.37%   93.37%
fin              71.78%   97.44%   99.45%   99.70%   99.70%   99.70%   99.70%
fra              66.21%   96.26%   99.29%   99.70%   99.70%   99.70%   99.70%
gla              87.01%   98.89%  100.00%   99.95%  100.00%  100.00%  100.00%
gle              90.34%   99.00%  100.00%  100.00%  100.00%  100.00%  100.00%
glg              62.23%   92.79%   98.75%   99.30%   99.45%   99.50%   99.50%
grn              83.31%   97.66%   99.80%   99.85%   99.85%   99.85%   99.85%
guj              99.09%  100.00%  100.00%  100.00%  100.00%  100.00%  100.00%
hau              84.58%   98.56%   99.90%   99.95%   99.95%   99.95%   99.95%
heb              94.84%   99.50%   99.70%   99.80%   99.80%   99.80%   99.80%
hin              65.69%   83.63%   93.92%   95.88%   96.30%   96.30%   96.30%
hrv              74.73%   96.19%   99.40%   99.70%   99.70%   99.70%   99.70%
hun              87.64%   98.79%   99.95%  100.00%  100.00%  100.00%  100.00%
hye              99.10%   99.90%  100.00%  100.00%  100.00%  100.00%  100.00%
ibo              87.07%   98.85%   99.95%   99.95%   99.95%   99.95%   99.95%
ilo              83.67%   97.67%   99.55%   99.70%   99.75%   99.75%   99.75%
ind              35.66%   65.80%   77.27%   81.94%   82.67%   82.76%   82.76%
isl              82.38%   97.46%   99.45%   99.60%   99.60%   99.60%   99.60%
ita              62.87%   92.38%   98.27%   98.73%   98.83%   98.83%   98.83%
jav              59.46%   88.24%   96.32%   97.43%   97.53%   97.63%   97.63%
jpn              95.41%   98.54%   98.59%   98.59%   98.59%   98.59%   98.59%
kab              84.64%   98.68%   99.70%   99.85%   99.85%   99.85%   99.85%
kan              97.90%   99.80%  100.00%  100.00%  100.00%  100.00%  100.00%
kat              99.09%   99.75%   99.90%   99.90%   99.90%   99.90%   99.90%
kaz              89.10%   99.30%  100.00%  100.00%  100.00%  100.00%  100.00%
khm              98.11%  100.00%  100.00%  100.00%  100.00%  100.00%  100.00%
kin              82.79%   98.14%   99.85%   99.90%   99.90%   99.90%   99.90%
kir              86.28%   98.69%   99.95%   99.95%   99.95%   99.95%   99.95%
kor              99.30%   99.95%   99.95%   99.95%   99.95%   99.95%   99.95%
kur               0.00%    0.00%    0.00%    0.00%    0.00%    0.00%    0.00%
lao              95.49%   99.90%  100.00%  100.00%  100.00%  100.00%  100.00%
lav              85.65%   99.45%  100.00%  100.00%  100.00%  100.00%  100.00%
lim              71.32%   94.00%   98.14%   98.59%   98.64%   98.64%   98.64%
lit              85.68%   98.58%   99.80%   99.80%   99.80%   99.80%   99.80%
ltz              77.82%   96.93%   99.65%   99.85%   99.85%   99.85%   99.85%
lug              84.79%   98.07%   99.45%   99.50%   99.50%   99.50%   99.50%
lus              79.50%   97.34%   99.60%   99.90%   99.90%   99.90%   99.90%
mal              99.24%  100.00%  100.00%  100.00%  100.00%  100.00%  100.00%
mar              73.90%   92.48%   97.95%   98.55%   98.65%   98.65%   98.65%
min              61.76%   91.73%   96.71%   98.13%   98.28%   98.28%   98.28%
mkd              80.70%   96.67%   99.50%   99.85%   99.85%   99.85%   99.85%
mlg              91.10%   98.90%   99.85%   99.95%   99.95%   99.95%   99.95%
mlt              75.97%   98.54%   99.65%   99.50%   99.60%   99.60%   99.60%
mon              93.11%   99.60%  100.00%  100.00%  100.00%  100.00%  100.00%
msa              58.11%   76.49%   85.64%   88.13%   88.62%   88.72%   88.72%
mya              98.47%   99.90%  100.00%  100.00%  100.00%  100.00%  100.00%
nep              69.47%   91.07%   97.64%   98.60%   98.70%   98.70%   98.70%
nld              47.40%   82.02%   93.04%   95.43%   96.02%   95.97%   95.97%
nno              61.95%   87.55%   95.93%   96.76%   97.13%   97.13%   97.13%
nob              50.79%   82.97%   93.86%   95.59%   95.98%   95.98%   95.98%
nso              63.19%   89.17%   95.23%   96.53%   97.01%   97.01%   97.01%
nya              67.32%   84.17%   91.18%   91.97%   92.25%   92.29%   92.29%
ori              98.58%  100.00%  100.00%  100.00%  100.00%  100.00%  100.00%
pan              99.14%   99.95%  100.00%  100.00%  100.00%  100.00%  100.00%
pap              70.81%   95.68%   99.35%   99.45%   99.50%   99.50%   99.50%
pol              75.78%   92.66%   97.45%   98.22%   98.22%   98.17%   98.17%
por              66.83%   94.80%   99.09%   99.50%   99.60%   99.65%   99.65%
pus              86.74%   97.41%   99.75%   99.95%   99.95%   99.95%   99.95%
ron              83.85%   98.79%  100.00%  100.00%  100.00%  100.00%  100.00%
rus              74.11%   96.80%   99.70%   99.70%   99.70%   99.70%   99.70%
san              62.58%   83.35%   93.60%   95.33%   95.71%   95.71%   95.71%
sat              99.95%  100.00%  100.00%  100.00%  100.00%  100.00%  100.00%
sin              99.45%  100.00%  100.00%  100.00%  100.00%  100.00%  100.00%
slk              80.49%   97.90%   99.80%   99.80%   99.80%   99.80%   99.80%
slv              77.68%   95.81%   99.20%   99.45%   99.45%   99.45%   99.45%
smo              86.05%   98.41%   99.55%   99.85%   99.85%   99.85%   99.85%
sna              81.06%   97.57%   99.40%   99.55%   99.55%   99.55%   99.55%
snd              89.84%   99.20%  100.00%  100.00%  100.00%  100.00%  100.00%
som              88.51%   99.10%   99.85%   99.80%   99.80%   99.80%   99.80%
spa              64.65%   93.45%   99.30%   99.65%   99.70%   99.70%   99.70%
sqi              87.86%   99.20%   99.80%   99.90%   99.90%   99.90%   99.90%
srp              83.69%   97.76%   99.65%   99.90%   99.90%   99.90%   99.90%
sun              61.45%   87.86%   95.87%   97.38%   97.53%   97.58%   97.58%
swe              60.34%   92.72%   98.47%   98.78%   98.78%   98.78%   98.78%
swh              76.96%   96.34%   99.55%   99.60%   99.60%   99.60%   99.60%
szl              74.87%   92.81%   97.53%   98.42%   98.42%   98.37%   98.37%
tam              98.88%  100.00%  100.00%  100.00%  100.00%  100.00%  100.00%
tat              82.31%   97.76%   99.80%   99.90%   99.90%   99.90%   99.90%
tel              98.06%   99.75%  100.00%  100.00%  100.00%  100.00%  100.00%
tgk              91.41%   99.40%  100.00%  100.00%  100.00%  100.00%  100.00%
tgl              73.78%   95.12%   99.55%   99.80%   99.80%   99.80%   99.80%
tha              98.32%   99.85%  100.00%  100.00%  100.00%  100.00%  100.00%
tir              91.88%   98.95%   99.65%   99.70%   99.70%   99.70%   99.70%
tsn              70.85%   90.28%   94.58%   95.77%   96.09%   96.14%   96.14%
tso              77.98%   97.18%   99.40%   99.65%   99.65%   99.65%   99.65%
tuk              83.96%   97.93%   99.70%   99.85%   99.85%   99.85%   99.85%
tum              61.16%   81.75%   89.89%   91.00%   91.37%   91.43%   91.43%
tur              73.64%   95.56%   99.30%   99.35%   99.35%   99.35%   99.35%
uig              98.49%   99.95%  100.00%  100.00%  100.00%  100.00%  100.00%
ukr              81.96%   98.79%   99.80%   99.80%   99.80%   99.80%   99.80%
urd              81.32%   93.69%   96.82%   97.76%   97.86%   97.91%   97.91%
uzb              75.21%   97.66%   99.80%   99.80%   99.80%   99.80%   99.80%
vie              94.90%   99.75%  100.00%  100.00%  100.00%  100.00%  100.00%
war              73.77%   94.28%   98.11%   98.88%   98.88%   98.88%   98.88%
xho              66.18%   83.84%   93.15%   95.03%   95.46%   95.42%   95.42%
ydd              95.71%   99.55%   99.70%   99.80%   99.80%   99.80%   99.80%
yor              85.85%   96.95%   99.75%   99.80%   99.80%   99.80%   99.80%
yue               4.55%    1.97%    1.97%    1.97%    1.97%    1.97%    1.97%
zho              76.79%   79.53%   79.85%   79.85%   79.85%   79.85%   79.85%
zul              46.36%   80.37%   92.68%   94.62%   95.09%   95.04%   95.04%

Per-language macro F1 (full):
Language      CharSoup  OpenNLP   Lingua  Optimaize
----------------------------------------------------------
ace            98.37%      N/A      N/A      N/A
afr            99.70%   96.34%   96.40%   98.61%
aka            98.86%      N/A      N/A      N/A
amh            99.55%   99.95%      N/A      N/A
ara           100.00%  100.00%  100.00%  100.00%
asm            99.95%   99.90%      N/A      N/A
azb            92.16%      N/A      N/A      N/A
aze            99.85%   99.25%   98.99%      N/A
bak            99.95%   97.85%      N/A      N/A
ban            96.71%   43.66%      N/A      N/A
bel           100.00%  100.00%  100.00%  100.00%
ben            99.95%   99.85%  100.00%  100.00%
bjn            95.63%      N/A      N/A      N/A
bul            99.65%   98.33%   98.11%   99.14%
cat            99.80%   98.03%   98.43%   86.74%
ceb            99.35%   32.41%      N/A      N/A
ces            99.85%   99.50%   98.79%   99.90%
ckb            99.95%    0.00%      N/A      N/A
cym           100.00%   99.95%   98.66%   99.85%
dan            98.20%   95.45%   95.01%   98.06%
deu            99.90%   99.30%   99.65%   99.40%
ell           100.00%   99.95%  100.00%  100.00%
eng            95.28%   97.22%   97.85%   98.13%
epo            99.39%   98.75%   98.34%      N/A
est            99.80%   78.32%   99.50%   99.80%
eus            99.95%   98.90%   99.15%   99.85%
ewe            99.95%      N/A      N/A      N/A
fao            99.45%   97.72%      N/A      N/A
fas            93.37%    0.59%   99.30%   99.95%
fin            99.70%   99.39%   99.60%   99.65%
fra            99.70%   99.25%   99.40%   99.55%
gla           100.00%   99.55%      N/A      N/A
gle           100.00%   99.50%   99.65%   99.95%
glg            99.50%   95.11%      N/A   97.22%
grn            99.85%      N/A      N/A      N/A
guj           100.00%  100.00%  100.00%  100.00%
hau            99.95%   97.59%      N/A      N/A
heb            99.80%   99.85%  100.00%   99.95%
hin            96.30%   89.24%   88.27%   99.90%
hrv            99.70%   66.67%   68.24%   98.65%
hun           100.00%   99.75%   99.80%  100.00%
hye           100.00%  100.00%  100.00%      N/A
ibo            99.95%   99.55%      N/A      N/A
ilo            99.75%      N/A      N/A      N/A
ind            82.76%   36.55%   78.31%   69.10%
isl            99.60%   97.91%   99.70%  100.00%
ita            98.83%   97.93%   98.30%   99.25%
jav            97.63%   73.06%      N/A      N/A
jpn            98.59%   99.65%  100.00%   68.12%
kab            99.85%      N/A      N/A      N/A
kan           100.00%  100.00%      N/A  100.00%
kat            99.90%  100.00%  100.00%      N/A
kaz           100.00%   99.40%   97.61%      N/A
khm           100.00%   99.95%      N/A  100.00%
kin            99.90%   99.04%      N/A      N/A
kir            99.95%   98.78%      N/A      N/A
kor            99.95%   99.55%  100.00%   99.80%
kur             0.00%   96.79%      N/A      N/A
lao           100.00%   99.95%      N/A      N/A
lav           100.00%   67.86%   99.30%  100.00%
lim            98.64%   86.96%      N/A      N/A
lit            99.80%   99.24%   99.50%   99.90%
ltz            99.85%   98.99%      N/A      N/A
lug            99.50%   97.64%   98.84%      N/A
lus            99.90%      N/A      N/A      N/A
mal           100.00%  100.00%      N/A  100.00%
mar            98.65%   97.97%   89.67%  100.00%
min            98.28%   80.27%      N/A      N/A
mkd            99.85%   97.59%   97.23%   96.98%
mlg            99.95%   98.13%      N/A      N/A
mlt            99.60%   99.34%      N/A   99.90%
mon           100.00%   99.90%   99.15%      N/A
msa            88.72%   67.94%   80.78%   40.12%
mya           100.00%  100.00%      N/A      N/A
nep            98.70%   97.56%      N/A   99.90%
nld            95.97%   90.66%   96.43%   98.53%
nno            97.13%   88.95%   89.86%      N/A
nob            95.98%   87.81%   87.90%      N/A
nso            97.01%   95.91%      N/A      N/A
nya            92.29%      N/A      N/A      N/A
ori           100.00%  100.00%      N/A      N/A
pan           100.00%   99.95%  100.00%  100.00%
pap            99.50%      N/A      N/A      N/A
pol            98.17%   99.70%   99.65%   99.95%
por            99.65%   98.03%   98.40%   98.19%
pus            99.95%   95.25%      N/A      N/A
ron           100.00%   98.95%   97.34%  100.00%
rus            99.70%   98.22%   98.51%   99.65%
san            95.71%   84.87%      N/A      N/A
sat           100.00%      N/A      N/A      N/A
sin           100.00%  100.00%      N/A      N/A
slk            99.80%   99.14%   98.55%   99.70%
slv            99.45%   97.72%   98.03%   98.60%
smo            99.85%      N/A      N/A      N/A
sna            99.55%      N/A   99.00%      N/A
snd           100.00%   99.95%      N/A      N/A
som            99.80%   99.60%   99.80%   99.95%
spa            99.70%   84.02%   98.05%   92.82%
sqi            99.90%   99.70%   99.70%  100.00%
srp            99.90%   99.14%   97.61%   97.28%
sun            97.58%      N/A      N/A      N/A
swe            98.78%   98.42%   98.45%   99.50%
swh            99.60%      N/A      N/A      N/A
szl            98.37%      N/A      N/A      N/A
tam           100.00%  100.00%  100.00%  100.00%
tat            99.90%   97.72%      N/A      N/A
tel           100.00%   99.55%   99.95%  100.00%
tgk           100.00%  100.00%      N/A      N/A
tgl            99.80%   54.09%   96.87%   99.65%
tha           100.00%   99.55%   97.90%  100.00%
tir            99.70%      N/A      N/A      N/A
tsn            96.14%   95.18%   92.46%      N/A
tso            99.65%      N/A   98.90%      N/A
tuk            99.85%   99.75%      N/A      N/A
tum            91.43%      N/A      N/A      N/A
tur            99.35%   98.53%   98.85%   99.95%
uig           100.00%   91.88%      N/A      N/A
ukr            99.80%   99.60%   97.86%   99.85%
urd            97.91%   96.75%   99.30%  100.00%
uzb            99.80%   98.21%      N/A      N/A
vie           100.00%   99.90%   99.05%  100.00%
war            98.88%   11.58%      N/A      N/A
xho            95.42%   84.42%   90.94%      N/A
ydd            99.80%      N/A      N/A      N/A
yor            99.80%   98.58%   97.38%      N/A
yue             1.97%      N/A      N/A      N/A
zho            79.85%      N/A  100.00%   87.76%
zul            95.04%   81.80%   91.63%      N/A

CharSoup top confusions (languages with F1 < 95%, @20):
TrueLabel         F1  Top misclassifications (predicted → count)
------------------------------------------------------------------------
kur             0.0%  diq→546, unk→166, wln→68, cor→22, ile→10, sun→10, vol→9
yue             4.5%  zho→920, unk→26, jpn→11, ita→3, mon→2, lav→1, cdo-x-rom→1
ind            35.7%  msa→230, unk→155, bjn→46, pam→28, ace→26, ban→24, jav→24
eng            45.5%  unk→416, aka→21, ita→15, ltz→14, dag→10, pam→8, lat→7
zul            46.4%  xho→479, unk→55, yor→33, lug→19, tso→10, kin→9, swh→8
nld            47.4%  unk→218, vls→118, lim→52, fry→29, afr→26, nds→24, pap→21
nob            50.8%  unk→184, nno→111, dan→81, swe→18, wln→13, bcl→13, bre→12
bjn            52.3%  unk→136, msa→55, sun→34, pam→25, szy→25, jav→22, ind→20
ban            57.7%  unk→143, jav→63, bjn→47, pam→45, msa→33, ind→22, sun→16
msa            58.1%  ind→91, unk→85, bjn→27, ace→26, jav→16, pam→13, ban→12
dan            58.6%  unk→213, nob→70, nno→36, swe→17, bcl→15, fra→10, fao→10
jav            59.5%  unk→136, pam→41, bjn→30, ban→28, sun→23, msa→23, sqi→17
swe            60.3%  unk→206, nno→48, dan→25, fin→18, nob→18, vep→17, nds→17
tum            61.2%  nya→316, swh→58, unk→39, xho→13, kin→10, tso→9, sna→9
sun            61.4%  unk→118, bjn→40, jav→38, msa→28, pam→26, ban→22, szy→15
min            61.8%  unk→126, bjn→87, msa→32, ind→27, jav→21, bcl→19, pam→18
nno            61.9%  unk→144, nob→84, swe→25, dan→20, bcl→12, bre→9, fao→9
glg            62.2%  unk→162, spa→63, por→44, arg→32, fra→20, ita→20, eng→17
san            62.6%  hin→327, mar→90, nep→57, gom→16, unk→7, ltz→1, fra→1
ita            62.9%  unk→170, cos→16, bre→15, ina→14, fra→13, lfn→12, lat→11
nso            63.2%  tsn→200, unk→98, ibo→25, smo→18, tso→16, ewe→15, swh→12
spa            64.7%  unk→146, lfn→36, cat→21, fra→15, ita→15, arg→15, ext→14
hin            65.7%  mar→52, nep→44, gom→15, san→12, unk→1
xho            66.2%  unk→57, zul→25, tso→13, nya→11, yor→9, kin→8, sna→6
fra            66.2%  unk→173, wln→48, bre→15, ina→10, roh→9, smo→9, spa→7
por            66.8%  unk→185, glg→68, spa→19, mwl→15, arg→14, ita→13, cat→12
nya            67.3%  unk→65, tum→51, swh→33, xho→14, sna→9, tso→6, ibo→6
deu            68.6%  unk→201, bar→27, lat→27, afr→18, ita→17, gsw→16, nds→15
nep            69.5%  hin→266, mar→74, san→42, gom→7, unk→5
pap            70.8%  unk→152, ita→37, ido→15, spa→12, wln→11, lav→7, lfn→7
tsn            70.8%  unk→81, nso→30, smo→26, swh→17, hau→16, ewe→14, ibo→14
lim            71.3%  unk→143, vls→34, nds→15, nld→11, stq→10, wln→10, ron→10
fin            71.8%  unk→115, olo→39, vep→37, smn→35, vro→22, est→20, ita→12
ceb            72.4%  tgl→82, hil→80, bcl→53, unk→32, pam→29, ilo→14, war→9
cat            72.4%  unk→148, bre→23, spa→23, fra→20, lfn→19, ita→13, wln→11
afr            73.3%  unk→124, kin→35, pap→22, vls→20, eng→17, nld→16, nds→9
azb            73.6%  fas→210, urd→34, pus→31, ckb→21, pnb→7, snd→6, ara→1
tur            73.6%  unk→92, aze→50, diq→20, tuk→19, sna→12, tyv→8, hau→6
war            73.8%  bcl→71, unk→59, hil→53, bre→34, ceb→30, ilo→17, pam→8
tgl            73.8%  ceb→75, pam→66, bcl→49, hil→29, unk→25, ilo→13, lus→8
fas            73.8%  azb→75, pus→60, snd→30, urd→26, ckb→25, pnb→7, unk→5
mar            73.9%  hin→192, nep→32, san→31, gom→29, unk→1
rus            74.1%  udm→36, che→33, bul→27, myv→22, chv→20, ukr→20, mkd→19
epo            74.6%  unk→139, som→25, yor→18, lfn→18, ido→17, lat→16, spa→11
hrv            74.7%  slv→115, unk→89, slk→12, pol→8, yor→7, sqi→7, szl→7
szl            74.9%  pol→178, unk→73, csb→12, hak-x-rom→9, lav→6, hsb→6, dsb→5
uzb            75.2%  unk→115, kaa→44, aze→25, hau→21, bar→11, tur→9, avk→6
pol            75.8%  unk→77, szl→23, hak-x-rom→22, csb→22, slv→9, lav→8, dsb→7
mlt            76.0%  unk→164, avk→11, ita→10, som→9, fra→9, wln→9, ron→9
ace            76.3%  unk→83, sun→53, msa→18, ind→13, ban→9, jav→9, bjn→9
fao            76.6%  isl→106, unk→78, nno→56, nob→6, ita→5, eng→5, bar→4
zho            76.8%  unk→81, yue→36, jpn→28, szy→4, ita→3, hin→2, chv→2
swh            77.0%  unk→48, nya→22, sna→11, tum→10, hau→8, xho→7, dag→6
slv            77.7%  unk→57, hrv→54, yor→11, hsb→10, ces→8, slk→8, sqi→5
eus            77.7%  unk→171, bre→28, vep→12, ita→5, bar→4, lat→4, tet→4
ltz            77.8%  unk→105, fra→14, gsw→10, deu→10, nds→8, bre→7, ksh→6
tso            78.0%  unk→66, sna→21, avk→14, swh→13, nya→13, ilo→11, xho→10
est            78.1%  unk→108, vro→48, vep→43, fin→8, olo→8, sqi→5, smo→5
bul            79.0%  mkd→65, rus→24, tgk→24, myv→19, sah→16, che→13, ukr→11
lus            79.5%  unk→103, cnh→50, eng→11, tso→10, ltz→6, msa→6, yor→5
ces            80.0%  slk→83, unk→73, hsb→22, slv→17, rue→9, hrv→6, yor→5
slk            80.5%  unk→80, ces→46, slv→19, yor→11, ron→7, ceb→5, avk→5
mkd            80.7%  bul→68, srp→25, rus→18, tgk→16, che→10, myv→10, unk→8
sna            81.1%  unk→78, nya→38, xho→14, swh→9, hau→6, tum→5, tso→5
aka            81.2%  unk→107, dag→8, orm→5, ibo→5, lus→4, ita→4, hau→4
urd            81.3%  pnb→123, snd→53, fas→22, azb→16, pus→11, ckb→3, unk→2
ukr            82.0%  rus→37, bul→18, tgk→18, myv→17, chv→14, srp→13, kaz→11
tat            82.3%  bak→71, kir→31, kaz→20, unk→20, rus→19, mon→14, sah→10
isl            82.4%  unk→48, fao→47, gla→29, nno→20, eng→4, ron→3, ita→3
kin            82.8%  unk→44, xho→22, swh→17, sna→15, ilo→8, nya→8, ita→7
grn            83.3%  unk→102, spa→13, bre→12, ita→11, eus→10, cos→5, lat→5
ilo            83.7%  unk→32, pam→8, ami→7, tgl→6, szy→6, hil→5, ceb→3
srp            83.7%  mkd→98, bul→32, rus→19, ukr→17, tgk→12, che→9, myv→8
ron            83.9%  unk→82, lat→13, fra→10, lfn→10, ita→9, spa→6, cat→5
bel            83.9%  ukr→77, rus→42, myv→30, chv→13, sah→12, kaz→11, tat→11
tuk            84.0%  unk→96, tur→55, aze→9, deu→7, lav→5, fra→4, isl→3
hau            84.6%  unk→35, swh→7, ita→5, vep→4, ltz→4, avk→3, cym→3
kab            84.6%  unk→107, xho→12, ita→10, hau→8, avk→7, vep→4, ilo→4
lug            84.8%  unk→43, xho→20, nya→13, swh→12, kin→11, pam→8, aka→8
lav            85.6%  unk→37, lit→5, slv→4, sgs→3, vep→3, cos→2, diq→2
lit            85.7%  unk→87, sgs→39, lav→35, vep→12, hrv→4, vol→3, epo→3
yor            85.9%  unk→29, ilo→9, dag→5, aka→4, ibo→3, swh→2, kin→2
smo            86.0%  unk→37, lfn→8, ina→7, pap→6, ibo→5, por→3, bre→3
kir            86.3%  mon→27, kaz→26, rus→19, unk→16, ukr→11, che→9, tat→9
pus            86.7%  azb→45, ckb→24, fas→21, pnb→10, urd→9, unk→7, snd→3
bak            86.8%  tat→27, kaz→22, rus→18, unk→12, mon→8, ukr→7, che→6
gla            87.0%  gle→65, unk→33, lus→10, eng→6, hau→4, ibo→4, vep→3
ibo            87.1%  unk→25, xho→7, swh→6, kin→4, nya→4, ita→3, yor→3
aze            87.2%  unk→41, tur→38, diq→11, uzb→10, kaa→6, vep→3, ron→2
hun            87.6%  unk→80, epo→20, bre→10, vep→4, slk→4, wln→4, avk→4
sqi            87.9%  unk→49, wln→4, epo→3, ban→2, ita→2, lav→2, vep→2
som            88.5%  unk→39, orm→18, fra→3, aka→3, msa→3, ceb→2, dag→2
kaz            89.1%  bak→15, kir→15, rus→14, unk→12, tat→10, ukr→8, mon→5
amh            89.4%  tir→142, unk→14, orm→6, lav→1, hak-x-rom→1, hye→1, urd→1
snd            89.8%  pus→23, azb→21, ara→17, fas→13, urd→8, ckb→3, pnb→2
ewe            90.1%  unk→47, aka→8, avk→7, eng→4, vol→3, hak-x-rom→3, lat→3
gle            90.3%  gla→34, unk→11, lus→4, bre→4, ltz→3, mwl→2, ron→2
mlg            91.1%  cos→28, unk→23, avk→3, smo→2, pap→2, tet→2, epo→2
ara            91.1%  ckb→34, urd→29, snd→21, pus→18, azb→15, fas→14, uig→10
tgk            91.4%  myv→7, mon→6, ukr→6, ava→5, rus→5, unk→5, kir→5
tir            91.9%  amh→27, lav→1, hye→1
mon            93.1%  che→8, myv→5, rus→5, sah→5, kir→4, oss→3, tgk→3
ckb            94.2%  azb→3, fas→2, urd→1
asm            94.7%  ben→73, unk→1
heb            94.8%  ydd→72, unk→3, hye→1, avk→1, fas→1
vie            94.9%  unk→15, hak-x-rom→3, cdo-x-rom→2, ltz→2, fra→2, ita→2, lav→1
ben            94.9%  asm→30

CharSoup top confusions (languages with F1 < 95%, full):
TrueLabel         F1  Top misclassifications (predicted → count)
------------------------------------------------------------------------
kur             0.0%  diq→987, wln→3, tur→2, som→1, tso→1, eus→1, bjn→1
yue             2.0%  zho→969, jpn→4, szy→2, cdo-x-rom→2, msa→2, pol→2, dan→1
zho            79.8%  yue→7, jpn→4, unk→3, ind→2, kat→2, szy→1, spa→1
ind            82.8%  msa→183, bjn→46, sun→6, jav→5, min→4, ace→1, ido→1
msa            88.7%  ind→31, bjn→7, jav→2, min→1
tum            91.4%  nya→149
azb            92.2%  fas→137, pnb→4, urd→3, ckb→1
nya            92.3%  tum→5, swh→2, tsn→1, lug→1
fas            93.4%  pnb→3, orm→1
