=== Language Detection Comparison Report ===

Test sentences:   203,381
CharSoup ∩ OpenNLP:   91 languages, 90,726 sentences
CharSoup ∩ Lingua:    67 languages, 67,793 sentences
CharSoup ∩ Optimaize: 59 languages, 59,817 sentences

Model heap (approx):
  CharSoup:  ~0.0 MB
  OpenNLP:   ~75.3 MB
  Lingua:    ~0.1 MB  (low accuracy mode)
  Optimaize: ~95.0 MB

Coverage-adjusted accuracy — each detector scored on its own supported languages only
  (test sentences whose true language is not in a detector's covered set are skipped)
        ─ CharSoup ─    ─ OpenNLP ─     ── Lingua ──    ─ Optimaize ─     CS(ms)    ON(ms)    Li(ms)   Opt(ms)   CS sent/s
Length     mF1    acc     mF1    acc     mF1    acc     mF1    acc                                                    
----------------------------------------------------------------------------------------------------------------------
@20      84.68%  83.59%   74.87%  72.85%   76.35%  75.88%   84.87%  84.38%     1,909     1,795    13,067       646      55,358
@50      96.06%  96.31%   86.09%  85.43%   90.99%  90.63%   94.44%  94.29%     2,047     1,379    24,971     3,951      51,626
@100     97.92%  98.29%   90.25%  90.12%   95.43%  95.33%   96.51%  96.50%     2,561     2,591    43,979     4,106      41,264
@150     98.11%  98.50%   90.98%  90.97%   96.15%  96.11%   96.72%  96.76%     3,008     4,034    52,015     4,256      35,132
@200     98.14%  98.52%   91.11%  91.11%   96.23%  96.20%   96.75%  96.79%     2,926     4,098    55,078     4,280      36,117
@500     98.14%  98.52%   91.12%  91.12%   96.25%  96.22%   96.76%  96.81%     3,007     4,257    55,677     3,701      35,144
full     98.14%  98.52%   91.12%  91.12%   96.25%  96.22%   96.76%  96.81%     2,589     3,707    98,812     4,170      40,818

Breadth-weighted accuracy — all 203 FLORES languages, unsupported languages score 0
  (penalises limited coverage; use this to compare total useful output across all inputs)
        ─ CharSoup ─    ─ OpenNLP ─     ── Lingua ──    ─ Optimaize ─ 
Length     mF1    acc     mF1    acc     mF1    acc     mF1    acc
----------------------------------------------------------------------
@20      43.80%  43.43%   42.05%  40.71%   27.46%  27.53%   26.76%  26.89%
@50      49.68%  50.04%   48.35%  47.74%   32.72%  32.88%   29.77%  30.04%
@100     50.65%  51.07%   50.68%  50.36%   34.32%  34.58%   30.43%  30.75%
@150     50.75%  51.18%   51.09%  50.84%   34.58%  34.86%   30.49%  30.83%
@200     50.76%  51.19%   51.16%  50.91%   34.61%  34.90%   30.50%  30.84%
@500     50.76%  51.19%   51.17%  50.92%   34.61%  34.90%   30.51%  30.84%
full     50.76%  51.19%   51.17%  50.92%   34.61%  34.90%   30.51%  30.84%

Strict accuracy — CharSoup ∩ OpenNLP (91 languages, 90,726 sentences)
        ── CharSoup ──  ── OpenNLP ──     CS(ms)  OpenNLP(ms)   CS sent/s
Length     mF1    acc     mF1    acc                                
------------------------------------------------------------------------
@20      85.20%  83.43%   81.12%  76.89%       800       400     113,408
@50      96.25%  96.37%   91.01%  89.01%       841       636     107,879
@100     97.95%  98.29%   94.28%  93.26%     1,144     1,129      79,306
@150     98.11%  98.49%   94.88%  94.03%     1,252     1,619      72,465
@200     98.14%  98.52%   95.01%  94.16%     1,318     1,959      68,836
@500     98.14%  98.51%   95.02%  94.18%     1,127     1,702      80,502
full     98.14%  98.51%   95.02%  94.18%     1,165     1,733      77,876

Strict accuracy — CharSoup ∩ Lingua (67 languages, 67,793 sentences)
        ── CharSoup ──  ── Lingua ──      CS(ms)  Lingua(ms)   CS sent/s
Length     mF1    acc     mF1    acc                                
------------------------------------------------------------------------
@20      85.77%  83.05%   79.29%  77.69%       494     3,575     137,233
@50      97.48%  97.05%   93.17%  92.02%       601     7,614     112,800
@100     99.34%  99.21%   97.21%  96.56%       835    12,979      81,189
@150     99.53%  99.44%   97.83%  97.28%       954    15,515      71,062
@200     99.56%  99.47%   97.92%  97.39%       966    16,789      70,179
@500     99.56%  99.47%   97.92%  97.40%       909    15,986      74,580
full     99.56%  99.47%   97.92%  97.40%       921    16,150      73,608

Strict accuracy — CharSoup ∩ Optimaize (59 languages, 59,817 sentences)
        ── CharSoup ──  ── Optimaize ──    CS(ms)  Optimaize(ms)   CS sent/s
Length     mF1    acc     mF1    acc                                
------------------------------------------------------------------------
@20      86.44%  83.25%   87.83%  86.65%       461       128     129,755
@50      97.85%  97.25%   96.81%  96.25%       566       535     105,684
@100     99.54%  99.35%   98.55%  98.25%       749       534      79,862
@150     99.70%  99.57%   98.74%  98.50%       858       554      69,717
@200     99.72%  99.60%   98.77%  98.53%       942       570      63,500
@500     99.72%  99.60%   98.77%  98.53%       724       488      82,620
full     99.72%  99.60%   98.77%  98.53%       744       522      80,399

CharSoup timing (wall-clock, full pipeline including script gate + group collapse):
Length    Wall(ms)    Sent/sec
--------------------------------
@20          1,909      55,358
@50          2,047      51,626
@100         2,561      41,264
@150         3,008      35,132
@200         2,926      36,117
@500         3,007      35,144
full         2,589      40,818

Per-language CharSoup F1 by length:
Language           @20     @50    @100    @150    @200    @500    full
----------------------------------------------------------------------
afr              74.34%   93.79%   98.61%   99.06%   99.10%   99.10%   99.10%
aka              79.98%   95.90%   99.30%   99.60%   99.60%   99.60%   99.60%
amh              93.47%   99.25%   99.75%   99.80%   99.80%   99.80%   99.80%
ara              93.43%   99.70%   99.90%   99.90%   99.90%   99.90%   99.90%
asm              94.92%   99.55%   99.95%   99.95%   99.95%   99.95%   99.95%
azb              73.04%   86.02%   90.65%   91.57%   91.81%   91.81%   91.81%
aze              85.38%   97.32%   98.47%   98.66%   98.76%   98.71%   98.71%
bak              86.44%   98.35%   99.95%   99.95%   99.95%   99.95%   99.95%
bel              94.16%   99.70%   99.95%   99.95%   99.95%   99.95%   99.95%
ben              94.99%   99.55%   99.95%   99.95%   99.95%   99.95%   99.95%
bul              79.54%   97.22%   99.75%   99.85%   99.90%   99.90%   99.90%
cat              74.46%   96.15%   99.50%   99.80%   99.85%   99.85%   99.85%
ces              82.86%   96.41%   99.25%   99.10%   99.25%   99.25%   99.25%
ckb              97.92%   99.90%  100.00%  100.00%  100.00%  100.00%  100.00%
cym              94.55%   99.55%   99.80%   99.90%   99.90%   99.90%   99.90%
dan              69.67%   91.46%   97.35%   98.30%   98.40%   98.40%   98.40%
deu              76.37%   97.31%   99.45%   99.70%   99.75%   99.75%   99.75%
ell              98.83%   99.80%  100.00%  100.00%  100.00%  100.00%  100.00%
eng              52.43%   83.61%   94.37%   96.38%   96.59%   96.59%   96.59%
est              83.57%   98.46%   99.90%   99.90%   99.90%   99.90%   99.90%
eus              82.49%   98.74%   99.95%  100.00%  100.00%  100.00%  100.00%
ewe              90.17%   98.54%   99.25%   99.45%   99.50%   99.50%   99.50%
fas              72.07%   88.19%   92.05%   92.77%   92.94%   92.94%   92.94%
fin              84.94%   98.99%   99.95%  100.00%  100.00%  100.00%  100.00%
fra              74.83%   96.63%   99.30%   99.65%   99.65%   99.65%   99.65%
gle              92.75%   99.45%   99.85%   99.95%   99.95%   99.95%   99.95%
guj              99.29%  100.00%  100.00%  100.00%  100.00%  100.00%  100.00%
hau              89.38%   98.36%   97.84%   97.51%   97.36%   97.36%   97.36%
heb              96.30%   99.65%   99.95%   99.95%   99.95%   99.95%   99.95%
hin              74.62%   91.18%   97.73%   98.56%   98.65%   98.65%   98.65%
hrv              76.57%   96.49%   99.05%   99.15%   99.20%   99.20%   99.20%
hun              89.25%   99.20%   99.90%   99.90%   99.90%   99.90%   99.90%
hye              99.60%   99.95%   99.95%   99.95%   99.95%   99.95%   99.95%
ibo              89.36%   97.88%   99.30%   99.65%   99.75%   99.70%   99.70%
ind              72.18%   91.19%   96.01%   97.22%   97.22%   97.27%   97.27%
isl              92.67%   99.50%   99.95%  100.00%  100.00%  100.00%  100.00%
ita              68.98%   93.53%   98.40%   99.00%   99.20%   99.20%   99.20%
jav              68.43%   93.78%   98.40%   98.85%   99.00%   99.00%   99.00%
jpn              98.59%   99.70%   99.80%   99.80%   99.80%   99.80%   99.80%
kan              99.09%  100.00%  100.00%  100.00%  100.00%  100.00%  100.00%
kat              99.09%   99.90%  100.00%  100.00%  100.00%  100.00%  100.00%
kaz              90.19%   99.25%   99.95%   99.95%   99.95%   99.95%   99.95%
khm              97.69%   99.90%   99.95%  100.00%  100.00%  100.00%  100.00%
kin              83.48%   96.52%   98.08%   97.65%   97.75%   97.75%   97.75%
kir              84.57%   98.58%   99.95%   99.95%   99.95%   99.95%   99.95%
kor              99.24%   99.90%  100.00%  100.00%  100.00%  100.00%  100.00%
kur               0.00%    0.00%    0.00%    0.00%    0.00%    0.00%    0.00%
lao              93.94%   99.45%   99.95%  100.00%  100.00%  100.00%  100.00%
lav              88.57%   99.25%   99.90%   99.95%  100.00%  100.00%  100.00%
lit              87.30%   99.30%   99.95%   99.95%   99.95%   99.95%   99.95%
lug              81.92%   96.98%   99.15%   99.15%   99.25%   99.25%   99.25%
lus              82.93%   95.44%   99.14%   99.70%   99.75%   99.75%   99.75%
mal              98.68%  100.00%  100.00%  100.00%  100.00%  100.00%  100.00%
mar              79.13%   95.87%   99.24%   99.60%   99.65%   99.65%   99.65%
mkd              80.45%   96.48%   99.65%   99.80%   99.80%   99.80%   99.80%
mlg              89.97%   98.51%   99.65%   99.75%   99.80%   99.80%   99.80%
mlt              81.53%   97.80%   99.35%   99.40%   99.50%   99.50%   99.50%
mon              94.85%   99.85%  100.00%  100.00%  100.00%  100.00%  100.00%
mya              98.37%   99.75%  100.00%  100.00%  100.00%  100.00%  100.00%
nep              73.26%   92.45%   97.87%   98.69%   98.74%   98.74%   98.74%
nld              71.08%   92.68%   97.75%   98.78%   98.89%   98.89%   98.89%
nob              69.11%   90.04%   96.47%   97.95%   98.00%   98.00%   98.00%
nya              85.18%   97.42%   99.50%   99.75%   99.65%   99.70%   99.70%
ori              98.47%  100.00%  100.00%  100.00%  100.00%  100.00%  100.00%
pan              99.09%   99.95%   99.95%   99.95%   99.95%   99.95%   99.95%
pol              90.19%   98.56%   99.95%   99.95%   99.95%   99.95%   99.95%
por              79.56%   97.42%   99.65%   99.75%   99.75%   99.75%   99.75%
pus              85.28%   97.20%   99.30%   99.65%   99.65%   99.65%   99.65%
ron              86.39%   99.00%   99.95%   99.90%   99.90%   99.90%   99.90%
rus              69.02%   95.52%   99.40%   99.50%   99.55%   99.55%   99.55%
sat              99.85%  100.00%  100.00%  100.00%  100.00%  100.00%  100.00%
sin              99.29%  100.00%  100.00%  100.00%  100.00%  100.00%  100.00%
slk              83.22%   97.47%   99.70%   99.80%   99.85%   99.85%   99.85%
slv              78.15%   96.35%   99.40%   99.60%   99.60%   99.60%   99.60%
smo              85.53%   98.42%   99.50%   99.85%   99.85%   99.85%   99.85%
sna              80.19%   96.22%   97.69%   97.64%   97.64%   97.69%   97.69%
snd              85.16%   98.03%   99.70%   99.75%   99.75%   99.75%   99.75%
som              85.20%   96.98%   97.84%   98.66%   98.62%   98.66%   98.66%
spa              71.59%   95.40%   99.35%   99.70%   99.75%   99.75%   99.75%
sqi              88.15%   99.35%   99.85%   99.95%   99.95%   99.95%   99.95%
srp              83.42%   97.75%   99.60%   99.75%   99.80%   99.80%   99.80%
sun              68.89%   89.93%   96.94%   97.72%   97.82%   97.87%   97.87%
swe              73.91%   95.19%   98.89%   99.24%   99.24%   99.24%   99.24%
swh              81.91%   97.11%   99.50%   99.50%   99.50%   99.50%   99.50%
tam              97.95%  100.00%  100.00%  100.00%  100.00%  100.00%  100.00%
tat              82.94%   98.23%   99.95%  100.00%  100.00%  100.00%  100.00%
tel              98.21%   99.65%  100.00%  100.00%  100.00%  100.00%  100.00%
tgk              92.43%   99.60%  100.00%  100.00%  100.00%  100.00%  100.00%
tgl              86.19%   97.69%   99.25%   99.70%   99.70%   99.70%   99.70%
tha              97.69%   99.70%  100.00%  100.00%  100.00%  100.00%  100.00%
tir              94.04%   99.50%   99.85%   99.85%   99.85%   99.85%   99.85%
tsn              84.23%   95.93%   98.47%   98.86%   98.91%   98.91%   98.91%
tso              80.10%   96.05%   98.31%   98.86%   98.76%   98.76%   98.76%
tuk              82.16%   89.99%   87.56%   85.99%   85.36%   85.21%   85.21%
tur              71.66%   93.15%   96.25%   96.21%   96.12%   96.17%   96.17%
uig              99.04%  100.00%  100.00%  100.00%  100.00%  100.00%  100.00%
ukr              87.33%   99.09%   99.90%   99.90%   99.90%   99.90%   99.90%
urd              85.83%   98.03%   99.70%   99.75%   99.75%   99.75%   99.75%
uzb              80.28%   97.45%   99.45%   99.35%   99.50%   99.45%   99.45%
vie              95.30%   98.56%   99.55%   99.40%   99.45%   99.45%   99.45%
xho              65.79%   84.82%   92.12%   93.26%   93.57%   93.51%   93.51%
ydd              96.71%   99.75%   99.95%   99.95%   99.95%   99.95%   99.95%
yor              77.81%   93.36%   95.63%   95.82%   95.91%   95.91%   95.91%
zho              97.00%   98.99%   99.24%   99.24%   99.24%   99.24%   99.24%
zul              63.94%   85.37%   92.29%   93.09%   93.47%   93.42%   93.42%

Per-language macro F1 (full):
Language      CharSoup  OpenNLP   Lingua  Optimaize
----------------------------------------------------------
afr            99.10%   96.34%   96.40%   98.61%
aka            99.60%      N/A      N/A      N/A
amh            99.80%   99.95%      N/A      N/A
ara            99.90%  100.00%  100.00%  100.00%
asm            99.95%   99.90%      N/A      N/A
azb            91.81%      N/A      N/A      N/A
aze            98.71%   99.25%   98.99%      N/A
bak            99.95%   97.85%      N/A      N/A
bel            99.95%  100.00%  100.00%  100.00%
ben            99.95%   99.85%  100.00%  100.00%
bul            99.90%   98.33%   98.11%   99.14%
cat            99.85%   98.03%   98.43%   86.74%
ces            99.25%   99.50%   98.79%   99.90%
ckb           100.00%    0.00%      N/A      N/A
cym            99.90%   99.95%   98.66%   99.85%
dan            98.40%   95.45%   95.01%   98.06%
deu            99.75%   99.30%   99.65%   99.40%
ell           100.00%   99.95%  100.00%  100.00%
eng            96.59%   97.22%   97.85%   98.13%
est            99.90%   78.32%   99.50%   99.80%
eus           100.00%   98.90%   99.15%   99.85%
ewe            99.50%      N/A      N/A      N/A
fas            92.94%    0.59%   99.30%   99.95%
fin           100.00%   99.39%   99.60%   99.65%
fra            99.65%   99.25%   99.40%   99.55%
gle            99.95%   99.50%   99.65%   99.95%
guj           100.00%  100.00%  100.00%  100.00%
hau            97.36%   97.59%      N/A      N/A
heb            99.95%   99.85%  100.00%   99.95%
hin            98.65%   89.24%   88.27%   99.90%
hrv            99.20%   66.67%   68.24%   98.65%
hun            99.90%   99.75%   99.80%  100.00%
hye            99.95%  100.00%  100.00%      N/A
ibo            99.70%   99.55%      N/A      N/A
ind            97.27%   36.55%   78.31%   69.10%
isl           100.00%   97.91%   99.70%  100.00%
ita            99.20%   97.93%   98.30%   99.25%
jav            99.00%   73.06%      N/A      N/A
jpn            99.80%   99.65%  100.00%   68.12%
kan           100.00%  100.00%      N/A  100.00%
kat           100.00%  100.00%  100.00%      N/A
kaz            99.95%   99.40%   97.61%      N/A
khm           100.00%   99.95%      N/A  100.00%
kin            97.75%   99.04%      N/A      N/A
kir            99.95%   98.78%      N/A      N/A
kor           100.00%   99.55%  100.00%   99.80%
kur             0.00%   96.79%      N/A      N/A
lao           100.00%   99.95%      N/A      N/A
lav           100.00%   67.86%   99.30%  100.00%
lit            99.95%   99.24%   99.50%   99.90%
lug            99.25%   97.64%   98.84%      N/A
lus            99.75%      N/A      N/A      N/A
mal           100.00%  100.00%      N/A  100.00%
mar            99.65%   97.97%   89.67%  100.00%
mkd            99.80%   97.59%   97.23%   96.98%
mlg            99.80%   98.13%      N/A      N/A
mlt            99.50%   99.34%      N/A   99.90%
mon           100.00%   99.90%   99.15%      N/A
mya           100.00%  100.00%      N/A      N/A
nep            98.74%   97.56%      N/A   99.90%
nld            98.89%   90.66%   96.43%   98.53%
nob            98.00%   87.81%   87.90%      N/A
nya            99.70%      N/A      N/A      N/A
ori           100.00%  100.00%      N/A      N/A
pan            99.95%   99.95%  100.00%  100.00%
pol            99.95%   99.70%   99.65%   99.95%
por            99.75%   98.03%   98.40%   98.19%
pus            99.65%   95.25%      N/A      N/A
ron            99.90%   98.95%   97.34%  100.00%
rus            99.55%   98.22%   98.51%   99.65%
sat           100.00%      N/A      N/A      N/A
sin           100.00%  100.00%      N/A      N/A
slk            99.85%   99.14%   98.55%   99.70%
slv            99.60%   97.72%   98.03%   98.60%
smo            99.85%      N/A      N/A      N/A
sna            97.69%      N/A   99.00%      N/A
snd            99.75%   99.95%      N/A      N/A
som            98.66%   99.60%   99.80%   99.95%
spa            99.75%   84.02%   98.05%   92.82%
sqi            99.95%   99.70%   99.70%  100.00%
srp            99.80%   99.14%   97.61%   97.28%
sun            97.87%      N/A      N/A      N/A
swe            99.24%   98.42%   98.45%   99.50%
swh            99.50%      N/A      N/A      N/A
tam           100.00%  100.00%  100.00%  100.00%
tat           100.00%   97.72%      N/A      N/A
tel           100.00%   99.55%   99.95%  100.00%
tgk           100.00%  100.00%      N/A      N/A
tgl            99.70%   54.09%   96.87%   99.65%
tha           100.00%   99.55%   97.90%  100.00%
tir            99.85%      N/A      N/A      N/A
tsn            98.91%   95.18%   92.46%      N/A
tso            98.76%      N/A   98.90%      N/A
tuk            85.21%   99.75%      N/A      N/A
tur            96.17%   98.53%   98.85%   99.95%
uig           100.00%   91.88%      N/A      N/A
ukr            99.90%   99.60%   97.86%   99.85%
urd            99.75%   96.75%   99.30%  100.00%
uzb            99.45%   98.21%      N/A      N/A
vie            99.45%   99.90%   99.05%  100.00%
xho            93.51%   84.42%   90.94%      N/A
ydd            99.95%      N/A      N/A      N/A
yor            95.91%   98.58%   97.38%      N/A
zho            99.24%      N/A  100.00%   87.76%
zul            93.42%   81.80%   91.63%      N/A

CharSoup top confusions (languages with F1 < 95%, @20):
TrueLabel         F1  Top misclassifications (predicted → count)
------------------------------------------------------------------------
kur             0.0%  unk→327, tuk→50, yor→47, dag→44, ita→40, tur→30, som→25
eng            52.4%  unk→158, dag→33, ita→29, mlg→22, yor→17, aze→17, orm→17
zul            63.9%  xho→317, yor→45, lug→21, unk→14, kin→6, hrv→6, nya→5
xho            65.8%  zul→89, unk→23, yor→21, lug→13, sna→9, tso→7, kin→6
jav            68.4%  sun→67, ind→57, unk→33, mlg→15, tgl→14, trv→13, sqi→13
sun            68.9%  jav→67, ind→57, unk→32, mlg→18, tgl→15, tet→14, som→12
ita            69.0%  cat→35, unk→32, mlt→20, smo→16, fra→13, som→10, tet→9
rus            69.0%  udm→51, bul→46, srp→43, che→42, chv→34, ukr→28, tgk→25
nob            69.1%  dan→96, unk→70, swe→30, fry→20, afr→16, isl→15, ita→13
dan            69.7%  nob→117, unk→53, swe→31, fry→25, afr→21, isl→11, ita→10
nld            71.1%  afr→119, fry→108, unk→23, eng→22, deu→14, yor→12, kin→11
spa            71.6%  cat→86, unk→34, por→28, tet→27, ita→22, yor→14, eus→13
tur            71.7%  aze→69, tuk→66, unk→45, sna→31, ita→11, uzb→6, sqi→5
fas            72.1%  pus→92, snd→91, azb→51, urd→13, ckb→10, unk→4, som→2
ind            72.2%  sun→73, jav→54, tet→39, unk→25, trv→12, smo→10, tgl→8
azb            73.0%  fas→228, pus→44, urd→39, snd→19, ckb→15, unk→3
nep            73.3%  hin→270, mar→85, unk→9
swe            73.9%  unk→70, nob→48, dan→28, fin→20, som→10, ita→10, sna→10
afr            74.3%  kin→46, nld→25, unk→24, fry→18, eng→17, som→8, lav→4
cat            74.5%  unk→32, ita→21, spa→20, por→12, fra→11, lav→10, mlg→10
hin            74.6%  mar→62, nep→55, unk→3, spa→1
fra            74.8%  unk→69, cat→42, smo→21, yor→19, mlg→19, eng→15, dag→14
deu            76.4%  unk→61, afr→60, kin→16, ita→13, lav→13, fry→12, gle→10
hrv            76.6%  slv→127, unk→22, yor→20, slk→14, eus→8, ces→8, ita→6
yor            77.8%  dag→11, unk→8, eng→5, aka→5, smo→3, tet→3, som→2
slv            78.1%  hrv→59, yor→32, slk→12, ces→10, unk→10, ita→5, sqi→3
mar            79.1%  hin→205, nep→43
bul            79.5%  mkd→74, srp→28, rus→21, tgk→19, ukr→9, sah→8, chv→6
por            79.6%  unk→43, tet→37, cat→21, ita→19, lit→18, eng→16, spa→16
aka            80.0%  unk→55, dag→20, ibo→19, eng→11, lug→9, som→7, smo→6
tso            80.1%  sna→23, nya→23, xho→16, sun→15, unk→15, lug→15, yor→14
sna            80.2%  nya→28, unk→20, xho→18, lug→12, smo→8, swh→6, tso→4
uzb            80.3%  unk→39, aze→30, tuk→28, eus→13, yor→12, tur→11, som→10
mkd            80.5%  bul→65, srp→57, tgk→12, che→9, rus→8, udm→6, bak→5
mlt            81.5%  unk→64, ita→35, som→17, dag→9, yor→8, ron→8, eng→8
swh            81.9%  sna→19, dag→15, yor→13, som→12, unk→12, nya→12, smo→11
lug            81.9%  xho→24, kin→21, unk→12, swh→8, sna→8, nya→8, som→6
tuk            82.2%  tur→40, unk→37, aze→9, ind→5, yor→4, pol→3, ita→3
eus            82.5%  unk→48, tet→23, ita→15, afr→8, yor→6, slv→6, pol→6
ces            82.9%  slk→101, slv→18, unk→17, yor→14, pol→8, hrv→8, est→4
lus            82.9%  unk→50, tso→36, eng→32, yor→9, aka→8, xho→8, dag→7
tat            82.9%  bak→66, kir→30, rus→21, sah→19, kaz→15, udm→15, unk→14
slk            83.2%  ces→49, slv→17, yor→12, unk→9, hrv→8, mlg→4, sqi→3
srp            83.4%  mkd→95, bul→23, rus→8, tgk→6, che→4, kir→3, ukr→3
kin            83.5%  xho→23, swh→12, yor→12, sna→12, unk→12, lug→12, zul→7
est            83.6%  unk→39, fin→19, som→8, smo→8, lit→7, eng→6, tet→6
tsn            84.2%  smo→34, unk→20, tet→16, lug→14, swh→13, ita→12, tgl→12
kir            84.6%  kaz→27, rus→27, sah→21, tat→16, tgk→16, mon→15, unk→14
fin            84.9%  est→55, unk→26, ita→16, som→11, smo→8, deu→5, lit→4
snd            85.2%  pus→10, ara→6, urd→6, azb→5, fas→4, unk→2, heb→1
nya            85.2%  unk→17, lug→15, xho→14, swh→13, sna→11, tso→9, smo→6
som            85.2%  unk→9, orm→7, est→3, smo→3, sna→3, xho→3, dag→2
pus            85.3%  azb→38, fas→33, unk→17, snd→13, urd→8, ckb→5, som→2
aze            85.4%  tur→43, unk→14, tuk→7, uzb→6, eus→4, swh→3, ita→3
smo            85.5%  ibo→11, unk→10, gle→3, tet→3, mlg→3, yor→3, sqi→2
urd            85.8%  snd→135, fas→17, azb→16, unk→2, ckb→2, som→1, spa→1
tgl            86.2%  hil→79, trv→8, sun→6, ibo→5, lus→4, som→4, unk→4
ron            86.4%  unk→22, ita→15, cat→13, smo→11, fra→9, tet→7, tur→5
bak            86.4%  tat→37, kaz→24, rus→12, bul→12, unk→10, kir→8, sah→6
lit            87.3%  unk→36, lav→19, smo→9, ita→8, slv→7, est→5, cat→4
ukr            87.3%  srp→35, rus→25, bul→23, bel→16, tgk→15, mkd→12, chv→8
sqi            88.2%  unk→18, slv→9, ita→7, som→5, yor→5, hrv→4, swh→3
lav            88.6%  unk→20, lit→16, hrv→5, est→4, cym→4, fin→3, slv→3
hun            89.3%  unk→35, slk→7, ita→6, eus→5, cat→4, eng→4, tet→4
ibo            89.4%  yor→9, unk→8, smo→4, nya→4, swh→3, hil→3, som→3
hau            89.4%  swh→13, unk→12, som→9, trv→9, dag→8, sna→7, ita→6
mlg            90.0%  smo→7, tet→5, unk→4, spa→2, hrv→2, tso→2, aka→2
ewe            90.2%  unk→35, aka→10, yor→8, ibo→6, eus→4, dag→4, smo→4
kaz            90.2%  kir→20, unk→18, bak→13, rus→9, tgk→9, bul→8, ukr→6
pol            90.2%  unk→18, ces→9, hrv→9, slk→9, slv→8, ita→6, xho→5
tgk            92.4%  che→7, bul→7, mon→3, unk→3, udm→3, mkd→2, srp→2
isl            92.7%  unk→16, eng→6, nob→4, ita→4, hun→3, tso→3, lit→3
gle            92.7%  unk→8, eng→5, lus→4, spa→2, sun→2, ron→2, smo→2
ara            93.4%  snd→39, urd→27, pus→26, fas→14, azb→4, unk→2, ckb→2
amh            93.5%  tir→16, unk→9, orm→3, eng→3, lus→2, tet→1, spa→1
lao            93.9%  unk→99, ita→3, spa→2, sna→2, xho→2, eng→2, gle→1
tir            94.0%  amh→96, lav→1, unk→1
bel            94.2%  rus→14, ukr→11, mkd→5, sah→5, udm→5, che→4, mon→3
cym            94.5%  gle→8, unk→6, pol→3, ita→3, lav→2, spa→1, mlg→1
mon            94.8%  sah→19, che→8, tgk→6, kir→5, rus→4, oss→4, udm→3
asm            94.9%  ben→52, unk→2
ben            95.0%  asm→47, unk→1

CharSoup top confusions (languages with F1 < 95%, full):
TrueLabel         F1  Top misclassifications (predicted → count)
------------------------------------------------------------------------
kur             0.0%  tuk→342, yor→77, tur→73, hau→53, trv→46, kin→44, sna→33
tuk            85.2%    (no misses recorded)
azb            91.8%  fas→148, pus→3
fas            92.9%  pus→2, eng→1
zul            93.4%  xho→34, som→1, sna→1, yor→1, lug→1
xho            93.5%  zul→64, kin→1, sna→1, yor→1
